[02-May-2025 18:38:01 Europe/Berlin] Bắt đầu thực thi, Session ID: n0n5umllacem38q62kakhliann
[02-May-2025 18:38:01 Europe/Berlin] Đã cấu hình Google Client
[02-May-2025 18:38:01 Europe/Berlin] Chuyển hướng đến Google Auth URL: https://accounts.google.com/o/oauth2/auth?response_type=code&access_type=online&client_id=1017825944006-qked8cif5qc9j8sfsr2fcadojk57ot5a.apps.googleusercontent.com&redirect_uri=http%3A%2F%2Flocalhost%2Ff8_clone%2Fsrc%2Fincludes%2Fgoogle-callback.php&state&scope=email%20profile&approval_prompt=auto
[02-May-2025 18:39:11 Europe/Berlin] Bắt đầu thực thi, Session ID: n0n5umllacem38q62kakhliann
[02-May-2025 18:39:11 Europe/Berlin] Đã cấu hình Google Client
[02-May-2025 18:39:11 Europe/Berlin] Nhận được code từ Google
[02-May-2025 18:39:15 Europe/Berlin] PHP Fatal error:  Uncaught TypeError: count(): Argument #1 ($value) must be of type Countable|array, null given in C:\xampp\htdocs\f8_clone\vendor\guzzlehttp\guzzle\src\Handler\CurlFactory.php:67
Stack trace:
#0 C:\xampp\htdocs\f8_clone\vendor\guzzlehttp\guzzle\src\Handler\CurlFactory.php(67): count(NULL)
#1 C:\xampp\htdocs\f8_clone\vendor\guzzlehttp\guzzle\src\Handler\CurlFactory.php(107): GuzzleHttp\Handler\CurlFactory->release(Object(GuzzleHttp\Handler\EasyHandle))
#2 C:\xampp\htdocs\f8_clone\vendor\guzzlehttp\guzzle\src\Handler\CurlHandler.php(43): GuzzleHttp\Handler\CurlFactory::finish(Object(GuzzleHttp\Handler\CurlHandler), Object(GuzzleHttp\Handler\EasyHandle), Object(GuzzleHttp\Handler\CurlFactory))
#3 C:\xampp\htdocs\f8_clone\vendor\guzzlehttp\guzzle\src\Handler\Proxy.php(28): GuzzleHttp\Handler\CurlHandler->__invoke(Object(GuzzleHttp\Psr7\Request), Array)
#4 C:\xampp\htdocs\f8_clone\vendor\guzzlehttp\guzzle\src\Handler\Proxy.php(51): GuzzleHttp\Handler\Proxy::GuzzleHttp\Handler\{closure}(Object(GuzzleHttp\Psr7\Request), Array)
#5 C:\xampp\htdocs\f8_clone\vendor\guzzlehttp\guzzle\src\PrepareBodyMiddleware.php(72): GuzzleHttp\Handler\Proxy::GuzzleHttp\Handler\{closure}(Object(GuzzleHttp\Psr7\Request), Array)
#6 C:\xampp\htdocs\f8_clone\vendor\guzzlehttp\guzzle\src\Middleware.php(30): GuzzleHttp\PrepareBodyMiddleware->__invoke(Object(GuzzleHttp\Psr7\Request), Array)
#7 C:\xampp\htdocs\f8_clone\vendor\guzzlehttp\guzzle\src\RedirectMiddleware.php(68): GuzzleHttp\Middleware::GuzzleHttp\{closure}(Object(GuzzleHttp\Psr7\Request), Array)
#8 C:\xampp\htdocs\f8_clone\vendor\guzzlehttp\guzzle\src\Middleware.php(57): GuzzleHttp\RedirectMiddleware->__invoke(Object(GuzzleHttp\Psr7\Request), Array)
#9 C:\xampp\htdocs\f8_clone\vendor\guzzlehttp\guzzle\src\HandlerStack.php(67): GuzzleHttp\Middleware::GuzzleHttp\{closure}(Object(GuzzleHttp\Psr7\Request), Array)
#10 C:\xampp\htdocs\f8_clone\vendor\guzzlehttp\guzzle\src\Client.php(268): GuzzleHttp\HandlerStack->__invoke(Object(GuzzleHttp\Psr7\Request), Array)
#11 C:\xampp\htdocs\f8_clone\vendor\guzzlehttp\guzzle\src\Client.php(96): GuzzleHttp\Client->transfer(Object(GuzzleHttp\Psr7\Request), Array)
#12 C:\xampp\htdocs\f8_clone\vendor\guzzlehttp\guzzle\src\Client.php(104): GuzzleHttp\Client->sendAsync(Object(GuzzleHttp\Psr7\Request), Array)
#13 C:\xampp\htdocs\f8_clone\vendor\google\auth\src\HttpHandler\Guzzle6HttpHandler.php(34): GuzzleHttp\Client->send(Object(GuzzleHttp\Psr7\Request), Array)
#14 C:\xampp\htdocs\f8_clone\vendor\google\auth\src\OAuth2.php(492): Google\Auth\HttpHandler\Guzzle6HttpHandler->__invoke(Object(GuzzleHttp\Psr7\Request))
#15 C:\xampp\htdocs\f8_clone\vendor\google\apiclient\src\Google\Client.php(184): Google\Auth\OAuth2->fetchAuthToken(Object(Google\Auth\HttpHandler\Guzzle6HttpHandler))
#16 C:\xampp\htdocs\f8_clone\src\includes\google-callback.php(39): Google_Client->fetchAccessTokenWithAuthCode('4/0Ab_5qlm-0urZ...')
#17 {main}
  thrown in C:\xampp\htdocs\f8_clone\vendor\guzzlehttp\guzzle\src\Handler\CurlFactory.php on line 67
[02-May-2025 18:51:00 Europe/Berlin] Bắt đầu thực thi, Session ID: n0n5umllacem38q62kakhliann
[02-May-2025 18:51:00 Europe/Berlin] Đã cấu hình Google Client
[02-May-2025 18:51:00 Europe/Berlin] Nhận được code từ Google: 4/0Ab_5qlkoHnIOutreevDG8GceKf3K4WvqAUDi1K21T6e1w8ckwviejQvAGSH3yQduiN-oqQ
[02-May-2025 18:51:00 Europe/Berlin] PHP Warning:  curl_setopt_array(): Cannot represent a stream of type Output as a STDIO FILE* in C:\xampp\htdocs\f8_clone\vendor\guzzlehttp\guzzle\src\Handler\CurlFactory.php on line 57
[02-May-2025 18:51:00 Europe/Berlin] PHP Fatal error:  Uncaught TypeError: count(): Argument #1 ($value) must be of type Countable|array, null given in C:\xampp\htdocs\f8_clone\vendor\guzzlehttp\guzzle\src\Handler\CurlFactory.php:67
Stack trace:
#0 C:\xampp\htdocs\f8_clone\vendor\guzzlehttp\guzzle\src\Handler\CurlFactory.php(67): count(NULL)
#1 C:\xampp\htdocs\f8_clone\vendor\guzzlehttp\guzzle\src\Handler\CurlFactory.php(141): GuzzleHttp\Handler\CurlFactory->release(Object(GuzzleHttp\Handler\EasyHandle))
#2 C:\xampp\htdocs\f8_clone\vendor\guzzlehttp\guzzle\src\Handler\CurlFactory.php(103): GuzzleHttp\Handler\CurlFactory::finishError(Object(GuzzleHttp\Handler\CurlHandler), Object(GuzzleHttp\Handler\EasyHandle), Object(GuzzleHttp\Handler\CurlFactory))
#3 C:\xampp\htdocs\f8_clone\vendor\guzzlehttp\guzzle\src\Handler\CurlHandler.php(43): GuzzleHttp\Handler\CurlFactory::finish(Object(GuzzleHttp\Handler\CurlHandler), Object(GuzzleHttp\Handler\EasyHandle), Object(GuzzleHttp\Handler\CurlFactory))
#4 C:\xampp\htdocs\f8_clone\vendor\guzzlehttp\guzzle\src\Handler\Proxy.php(28): GuzzleHttp\Handler\CurlHandler->__invoke(Object(GuzzleHttp\Psr7\Request), Array)
#5 C:\xampp\htdocs\f8_clone\vendor\guzzlehttp\guzzle\src\Handler\Proxy.php(51): GuzzleHttp\Handler\Proxy::GuzzleHttp\Handler\{closure}(Object(GuzzleHttp\Psr7\Request), Array)
#6 C:\xampp\htdocs\f8_clone\vendor\guzzlehttp\guzzle\src\PrepareBodyMiddleware.php(72): GuzzleHttp\Handler\Proxy::GuzzleHttp\Handler\{closure}(Object(GuzzleHttp\Psr7\Request), Array)
#7 C:\xampp\htdocs\f8_clone\vendor\guzzlehttp\guzzle\src\Middleware.php(30): GuzzleHttp\PrepareBodyMiddleware->__invoke(Object(GuzzleHttp\Psr7\Request), Array)
#8 C:\xampp\htdocs\f8_clone\vendor\guzzlehttp\guzzle\src\RedirectMiddleware.php(68): GuzzleHttp\Middleware::GuzzleHttp\{closure}(Object(GuzzleHttp\Psr7\Request), Array)
#9 C:\xampp\htdocs\f8_clone\vendor\guzzlehttp\guzzle\src\Middleware.php(59): GuzzleHttp\RedirectMiddleware->__invoke(Object(GuzzleHttp\Psr7\Request), Array)
#10 C:\xampp\htdocs\f8_clone\vendor\guzzlehttp\guzzle\src\HandlerStack.php(67): GuzzleHttp\Middleware::GuzzleHttp\{closure}(Object(GuzzleHttp\Psr7\Request), Array)
#11 C:\xampp\htdocs\f8_clone\vendor\guzzlehttp\guzzle\src\Client.php(268): GuzzleHttp\HandlerStack->__invoke(Object(GuzzleHttp\Psr7\Request), Array)
#12 C:\xampp\htdocs\f8_clone\vendor\guzzlehttp\guzzle\src\Client.php(96): GuzzleHttp\Client->transfer(Object(GuzzleHttp\Psr7\Request), Array)
#13 C:\xampp\htdocs\f8_clone\vendor\guzzlehttp\guzzle\src\Client.php(104): GuzzleHttp\Client->sendAsync(Object(GuzzleHttp\Psr7\Request), Array)
#14 C:\xampp\htdocs\f8_clone\vendor\google\auth\src\HttpHandler\Guzzle6HttpHandler.php(34): GuzzleHttp\Client->send(Object(GuzzleHttp\Psr7\Request), Array)
#15 C:\xampp\htdocs\f8_clone\vendor\google\auth\src\OAuth2.php(492): Google\Auth\HttpHandler\Guzzle6HttpHandler->__invoke(Object(GuzzleHttp\Psr7\Request))
#16 C:\xampp\htdocs\f8_clone\vendor\google\apiclient\src\Google\Client.php(184): Google\Auth\OAuth2->fetchAuthToken(Object(Google\Auth\HttpHandler\Guzzle6HttpHandler))
#17 C:\xampp\htdocs\f8_clone\src\includes\google-callback.php(42): Google_Client->fetchAccessTokenWithAuthCode('4/0Ab_5qlkoHnIO...')
#18 {main}
  thrown in C:\xampp\htdocs\f8_clone\vendor\guzzlehttp\guzzle\src\Handler\CurlFactory.php on line 67
[02-May-2025 18:53:32 Europe/Berlin] Bắt đầu thực thi, Session ID: n0n5umllacem38q62kakhliann
[02-May-2025 18:53:32 Europe/Berlin] Đã cấu hình Google Client
[02-May-2025 18:53:32 Europe/Berlin] Nhận được code từ Google: 4/0Ab_5qlnXWL9GJ01gLtFxYuWpWJ7eGzIxOvFv4-kI_KmclzNPcCQ6aMGCnSzaoax00lydTw
[02-May-2025 18:53:32 Europe/Berlin] PHP Fatal error:  Uncaught TypeError: count(): Argument #1 ($value) must be of type Countable|array, null given in C:\xampp\htdocs\f8_clone\vendor\guzzlehttp\guzzle\src\Handler\CurlFactory.php:67
Stack trace:
#0 C:\xampp\htdocs\f8_clone\vendor\guzzlehttp\guzzle\src\Handler\CurlFactory.php(67): count(NULL)
#1 C:\xampp\htdocs\f8_clone\vendor\guzzlehttp\guzzle\src\Handler\CurlFactory.php(107): GuzzleHttp\Handler\CurlFactory->release(Object(GuzzleHttp\Handler\EasyHandle))
#2 C:\xampp\htdocs\f8_clone\vendor\guzzlehttp\guzzle\src\Handler\CurlHandler.php(43): GuzzleHttp\Handler\CurlFactory::finish(Object(GuzzleHttp\Handler\CurlHandler), Object(GuzzleHttp\Handler\EasyHandle), Object(GuzzleHttp\Handler\CurlFactory))
#3 C:\xampp\htdocs\f8_clone\vendor\guzzlehttp\guzzle\src\Handler\Proxy.php(28): GuzzleHttp\Handler\CurlHandler->__invoke(Object(GuzzleHttp\Psr7\Request), Array)
#4 C:\xampp\htdocs\f8_clone\vendor\guzzlehttp\guzzle\src\Handler\Proxy.php(51): GuzzleHttp\Handler\Proxy::GuzzleHttp\Handler\{closure}(Object(GuzzleHttp\Psr7\Request), Array)
#5 C:\xampp\htdocs\f8_clone\vendor\guzzlehttp\guzzle\src\PrepareBodyMiddleware.php(72): GuzzleHttp\Handler\Proxy::GuzzleHttp\Handler\{closure}(Object(GuzzleHttp\Psr7\Request), Array)
#6 C:\xampp\htdocs\f8_clone\vendor\guzzlehttp\guzzle\src\Middleware.php(30): GuzzleHttp\PrepareBodyMiddleware->__invoke(Object(GuzzleHttp\Psr7\Request), Array)
#7 C:\xampp\htdocs\f8_clone\vendor\guzzlehttp\guzzle\src\RedirectMiddleware.php(68): GuzzleHttp\Middleware::GuzzleHttp\{closure}(Object(GuzzleHttp\Psr7\Request), Array)
#8 C:\xampp\htdocs\f8_clone\vendor\guzzlehttp\guzzle\src\Middleware.php(59): GuzzleHttp\RedirectMiddleware->__invoke(Object(GuzzleHttp\Psr7\Request), Array)
#9 C:\xampp\htdocs\f8_clone\vendor\guzzlehttp\guzzle\src\HandlerStack.php(67): GuzzleHttp\Middleware::GuzzleHttp\{closure}(Object(GuzzleHttp\Psr7\Request), Array)
#10 C:\xampp\htdocs\f8_clone\vendor\guzzlehttp\guzzle\src\Client.php(268): GuzzleHttp\HandlerStack->__invoke(Object(GuzzleHttp\Psr7\Request), Array)
#11 C:\xampp\htdocs\f8_clone\vendor\guzzlehttp\guzzle\src\Client.php(96): GuzzleHttp\Client->transfer(Object(GuzzleHttp\Psr7\Request), Array)
#12 C:\xampp\htdocs\f8_clone\vendor\guzzlehttp\guzzle\src\Client.php(104): GuzzleHttp\Client->sendAsync(Object(GuzzleHttp\Psr7\Request), Array)
#13 C:\xampp\htdocs\f8_clone\vendor\google\auth\src\HttpHandler\Guzzle6HttpHandler.php(34): GuzzleHttp\Client->send(Object(GuzzleHttp\Psr7\Request), Array)
#14 C:\xampp\htdocs\f8_clone\vendor\google\auth\src\OAuth2.php(492): Google\Auth\HttpHandler\Guzzle6HttpHandler->__invoke(Object(GuzzleHttp\Psr7\Request))
#15 C:\xampp\htdocs\f8_clone\vendor\google\apiclient\src\Google\Client.php(184): Google\Auth\OAuth2->fetchAuthToken(Object(Google\Auth\HttpHandler\Guzzle6HttpHandler))
#16 C:\xampp\htdocs\f8_clone\src\includes\google-callback.php(49): Google_Client->fetchAccessTokenWithAuthCode('4/0Ab_5qlnXWL9G...')
#17 {main}
  thrown in C:\xampp\htdocs\f8_clone\vendor\guzzlehttp\guzzle\src\Handler\CurlFactory.php on line 67
[02-May-2025 18:57:11 Europe/Berlin] Bắt đầu thực thi, Session ID: n0n5umllacem38q62kakhliann
[02-May-2025 18:57:11 Europe/Berlin] Đã cấu hình Google Client
[02-May-2025 18:57:11 Europe/Berlin] Nhận được code từ Google
[02-May-2025 18:57:12 Europe/Berlin] PHP Fatal error:  Uncaught TypeError: count(): Argument #1 ($value) must be of type Countable|array, null given in C:\xampp\htdocs\f8_clone\vendor\guzzlehttp\guzzle\src\Handler\CurlFactory.php:67
Stack trace:
#0 C:\xampp\htdocs\f8_clone\vendor\guzzlehttp\guzzle\src\Handler\CurlFactory.php(67): count(NULL)
#1 C:\xampp\htdocs\f8_clone\vendor\guzzlehttp\guzzle\src\Handler\CurlFactory.php(107): GuzzleHttp\Handler\CurlFactory->release(Object(GuzzleHttp\Handler\EasyHandle))
#2 C:\xampp\htdocs\f8_clone\vendor\guzzlehttp\guzzle\src\Handler\CurlHandler.php(43): GuzzleHttp\Handler\CurlFactory::finish(Object(GuzzleHttp\Handler\CurlHandler), Object(GuzzleHttp\Handler\EasyHandle), Object(GuzzleHttp\Handler\CurlFactory))
#3 C:\xampp\htdocs\f8_clone\vendor\guzzlehttp\guzzle\src\Handler\Proxy.php(28): GuzzleHttp\Handler\CurlHandler->__invoke(Object(GuzzleHttp\Psr7\Request), Array)
#4 C:\xampp\htdocs\f8_clone\vendor\guzzlehttp\guzzle\src\Handler\Proxy.php(51): GuzzleHttp\Handler\Proxy::GuzzleHttp\Handler\{closure}(Object(GuzzleHttp\Psr7\Request), Array)
#5 C:\xampp\htdocs\f8_clone\vendor\guzzlehttp\guzzle\src\PrepareBodyMiddleware.php(72): GuzzleHttp\Handler\Proxy::GuzzleHttp\Handler\{closure}(Object(GuzzleHttp\Psr7\Request), Array)
#6 C:\xampp\htdocs\f8_clone\vendor\guzzlehttp\guzzle\src\Middleware.php(30): GuzzleHttp\PrepareBodyMiddleware->__invoke(Object(GuzzleHttp\Psr7\Request), Array)
#7 C:\xampp\htdocs\f8_clone\vendor\guzzlehttp\guzzle\src\RedirectMiddleware.php(68): GuzzleHttp\Middleware::GuzzleHttp\{closure}(Object(GuzzleHttp\Psr7\Request), Array)
#8 C:\xampp\htdocs\f8_clone\vendor\guzzlehttp\guzzle\src\Middleware.php(57): GuzzleHttp\RedirectMiddleware->__invoke(Object(GuzzleHttp\Psr7\Request), Array)
#9 C:\xampp\htdocs\f8_clone\vendor\guzzlehttp\guzzle\src\HandlerStack.php(67): GuzzleHttp\Middleware::GuzzleHttp\{closure}(Object(GuzzleHttp\Psr7\Request), Array)
#10 C:\xampp\htdocs\f8_clone\vendor\guzzlehttp\guzzle\src\Client.php(268): GuzzleHttp\HandlerStack->__invoke(Object(GuzzleHttp\Psr7\Request), Array)
#11 C:\xampp\htdocs\f8_clone\vendor\guzzlehttp\guzzle\src\Client.php(96): GuzzleHttp\Client->transfer(Object(GuzzleHttp\Psr7\Request), Array)
#12 C:\xampp\htdocs\f8_clone\vendor\guzzlehttp\guzzle\src\Client.php(104): GuzzleHttp\Client->sendAsync(Object(GuzzleHttp\Psr7\Request), Array)
#13 C:\xampp\htdocs\f8_clone\vendor\google\auth\src\HttpHandler\Guzzle6HttpHandler.php(34): GuzzleHttp\Client->send(Object(GuzzleHttp\Psr7\Request), Array)
#14 C:\xampp\htdocs\f8_clone\vendor\google\auth\src\OAuth2.php(492): Google\Auth\HttpHandler\Guzzle6HttpHandler->__invoke(Object(GuzzleHttp\Psr7\Request))
#15 C:\xampp\htdocs\f8_clone\vendor\google\apiclient\src\Google\Client.php(184): Google\Auth\OAuth2->fetchAuthToken(Object(Google\Auth\HttpHandler\Guzzle6HttpHandler))
#16 C:\xampp\htdocs\f8_clone\src\includes\google-callback.php(39): Google_Client->fetchAccessTokenWithAuthCode('4/0Ab_5qlm21Ntq...')
#17 {main}
  thrown in C:\xampp\htdocs\f8_clone\vendor\guzzlehttp\guzzle\src\Handler\CurlFactory.php on line 67
[02-May-2025 18:59:11 Europe/Berlin] Bắt đầu thực thi, Session ID: n0n5umllacem38q62kakhliann
[02-May-2025 18:59:11 Europe/Berlin] Đã cấu hình Google Client
[02-May-2025 18:59:11 Europe/Berlin] Nhận được code từ Google
[02-May-2025 18:59:11 Europe/Berlin] PHP Fatal error:  Uncaught TypeError: count(): Argument #1 ($value) must be of type Countable|array, null given in C:\xampp\htdocs\f8_clone\vendor\guzzlehttp\guzzle\src\Handler\CurlFactory.php:67
Stack trace:
#0 C:\xampp\htdocs\f8_clone\vendor\guzzlehttp\guzzle\src\Handler\CurlFactory.php(67): count(NULL)
#1 C:\xampp\htdocs\f8_clone\vendor\guzzlehttp\guzzle\src\Handler\CurlFactory.php(107): GuzzleHttp\Handler\CurlFactory->release(Object(GuzzleHttp\Handler\EasyHandle))
#2 C:\xampp\htdocs\f8_clone\vendor\guzzlehttp\guzzle\src\Handler\CurlHandler.php(43): GuzzleHttp\Handler\CurlFactory::finish(Object(GuzzleHttp\Handler\CurlHandler), Object(GuzzleHttp\Handler\EasyHandle), Object(GuzzleHttp\Handler\CurlFactory))
#3 C:\xampp\htdocs\f8_clone\vendor\guzzlehttp\guzzle\src\Handler\Proxy.php(28): GuzzleHttp\Handler\CurlHandler->__invoke(Object(GuzzleHttp\Psr7\Request), Array)
#4 C:\xampp\htdocs\f8_clone\vendor\guzzlehttp\guzzle\src\Handler\Proxy.php(51): GuzzleHttp\Handler\Proxy::GuzzleHttp\Handler\{closure}(Object(GuzzleHttp\Psr7\Request), Array)
#5 C:\xampp\htdocs\f8_clone\vendor\guzzlehttp\guzzle\src\PrepareBodyMiddleware.php(72): GuzzleHttp\Handler\Proxy::GuzzleHttp\Handler\{closure}(Object(GuzzleHttp\Psr7\Request), Array)
#6 C:\xampp\htdocs\f8_clone\vendor\guzzlehttp\guzzle\src\Middleware.php(30): GuzzleHttp\PrepareBodyMiddleware->__invoke(Object(GuzzleHttp\Psr7\Request), Array)
#7 C:\xampp\htdocs\f8_clone\vendor\guzzlehttp\guzzle\src\RedirectMiddleware.php(68): GuzzleHttp\Middleware::GuzzleHttp\{closure}(Object(GuzzleHttp\Psr7\Request), Array)
#8 C:\xampp\htdocs\f8_clone\vendor\guzzlehttp\guzzle\src\Middleware.php(57): GuzzleHttp\RedirectMiddleware->__invoke(Object(GuzzleHttp\Psr7\Request), Array)
#9 C:\xampp\htdocs\f8_clone\vendor\guzzlehttp\guzzle\src\HandlerStack.php(67): GuzzleHttp\Middleware::GuzzleHttp\{closure}(Object(GuzzleHttp\Psr7\Request), Array)
#10 C:\xampp\htdocs\f8_clone\vendor\guzzlehttp\guzzle\src\Client.php(268): GuzzleHttp\HandlerStack->__invoke(Object(GuzzleHttp\Psr7\Request), Array)
#11 C:\xampp\htdocs\f8_clone\vendor\guzzlehttp\guzzle\src\Client.php(96): GuzzleHttp\Client->transfer(Object(GuzzleHttp\Psr7\Request), Array)
#12 C:\xampp\htdocs\f8_clone\vendor\guzzlehttp\guzzle\src\Client.php(104): GuzzleHttp\Client->sendAsync(Object(GuzzleHttp\Psr7\Request), Array)
#13 C:\xampp\htdocs\f8_clone\vendor\google\auth\src\HttpHandler\Guzzle6HttpHandler.php(34): GuzzleHttp\Client->send(Object(GuzzleHttp\Psr7\Request), Array)
#14 C:\xampp\htdocs\f8_clone\vendor\google\auth\src\OAuth2.php(492): Google\Auth\HttpHandler\Guzzle6HttpHandler->__invoke(Object(GuzzleHttp\Psr7\Request))
#15 C:\xampp\htdocs\f8_clone\vendor\google\apiclient\src\Google\Client.php(184): Google\Auth\OAuth2->fetchAuthToken(Object(Google\Auth\HttpHandler\Guzzle6HttpHandler))
#16 C:\xampp\htdocs\f8_clone\src\includes\google-callback.php(40): Google_Client->fetchAccessTokenWithAuthCode('4/0Ab_5qllsUVIn...')
#17 {main}
  thrown in C:\xampp\htdocs\f8_clone\vendor\guzzlehttp\guzzle\src\Handler\CurlFactory.php on line 67
[02-May-2025 19:07:26 Europe/Berlin] Bắt đầu thực thi, Session ID: n0n5umllacem38q62kakhliann
[02-May-2025 19:07:26 Europe/Berlin] Đã cấu hình Google Client
[02-May-2025 19:07:26 Europe/Berlin] Nhận được code từ Google
[02-May-2025 19:07:30 Europe/Berlin] PHP Fatal error:  Uncaught TypeError: count(): Argument #1 ($value) must be of type Countable|array, null given in C:\xampp\htdocs\f8_clone\vendor\guzzlehttp\guzzle\src\Handler\CurlFactory.php:67
Stack trace:
#0 C:\xampp\htdocs\f8_clone\vendor\guzzlehttp\guzzle\src\Handler\CurlFactory.php(67): count(NULL)
#1 C:\xampp\htdocs\f8_clone\vendor\guzzlehttp\guzzle\src\Handler\CurlFactory.php(107): GuzzleHttp\Handler\CurlFactory->release(Object(GuzzleHttp\Handler\EasyHandle))
#2 C:\xampp\htdocs\f8_clone\vendor\guzzlehttp\guzzle\src\Handler\CurlHandler.php(43): GuzzleHttp\Handler\CurlFactory::finish(Object(GuzzleHttp\Handler\CurlHandler), Object(GuzzleHttp\Handler\EasyHandle), Object(GuzzleHttp\Handler\CurlFactory))
#3 C:\xampp\htdocs\f8_clone\vendor\guzzlehttp\guzzle\src\Handler\Proxy.php(28): GuzzleHttp\Handler\CurlHandler->__invoke(Object(GuzzleHttp\Psr7\Request), Array)
#4 C:\xampp\htdocs\f8_clone\vendor\guzzlehttp\guzzle\src\Handler\Proxy.php(51): GuzzleHttp\Handler\Proxy::GuzzleHttp\Handler\{closure}(Object(GuzzleHttp\Psr7\Request), Array)
#5 C:\xampp\htdocs\f8_clone\vendor\guzzlehttp\guzzle\src\PrepareBodyMiddleware.php(72): GuzzleHttp\Handler\Proxy::GuzzleHttp\Handler\{closure}(Object(GuzzleHttp\Psr7\Request), Array)
#6 C:\xampp\htdocs\f8_clone\vendor\guzzlehttp\guzzle\src\Middleware.php(30): GuzzleHttp\PrepareBodyMiddleware->__invoke(Object(GuzzleHttp\Psr7\Request), Array)
#7 C:\xampp\htdocs\f8_clone\vendor\guzzlehttp\guzzle\src\RedirectMiddleware.php(68): GuzzleHttp\Middleware::GuzzleHttp\{closure}(Object(GuzzleHttp\Psr7\Request), Array)
#8 C:\xampp\htdocs\f8_clone\vendor\guzzlehttp\guzzle\src\Middleware.php(57): GuzzleHttp\RedirectMiddleware->__invoke(Object(GuzzleHttp\Psr7\Request), Array)
#9 C:\xampp\htdocs\f8_clone\vendor\guzzlehttp\guzzle\src\HandlerStack.php(67): GuzzleHttp\Middleware::GuzzleHttp\{closure}(Object(GuzzleHttp\Psr7\Request), Array)
#10 C:\xampp\htdocs\f8_clone\vendor\guzzlehttp\guzzle\src\Client.php(268): GuzzleHttp\HandlerStack->__invoke(Object(GuzzleHttp\Psr7\Request), Array)
#11 C:\xampp\htdocs\f8_clone\vendor\guzzlehttp\guzzle\src\Client.php(96): GuzzleHttp\Client->transfer(Object(GuzzleHttp\Psr7\Request), Array)
#12 C:\xampp\htdocs\f8_clone\vendor\guzzlehttp\guzzle\src\Client.php(104): GuzzleHttp\Client->sendAsync(Object(GuzzleHttp\Psr7\Request), Array)
#13 C:\xampp\htdocs\f8_clone\vendor\google\auth\src\HttpHandler\Guzzle6HttpHandler.php(34): GuzzleHttp\Client->send(Object(GuzzleHttp\Psr7\Request), Array)
#14 C:\xampp\htdocs\f8_clone\vendor\google\auth\src\OAuth2.php(492): Google\Auth\HttpHandler\Guzzle6HttpHandler->__invoke(Object(GuzzleHttp\Psr7\Request))
#15 C:\xampp\htdocs\f8_clone\vendor\google\apiclient\src\Google\Client.php(184): Google\Auth\OAuth2->fetchAuthToken(Object(Google\Auth\HttpHandler\Guzzle6HttpHandler))
#16 C:\xampp\htdocs\f8_clone\src\includes\google-callback.php(44): Google_Client->fetchAccessTokenWithAuthCode('4/0Ab_5qlmIp8p9...')
#17 {main}
  thrown in C:\xampp\htdocs\f8_clone\vendor\guzzlehttp\guzzle\src\Handler\CurlFactory.php on line 67
[02-May-2025 19:14:00 Europe/Berlin] Bắt đầu thực thi, Session ID: n0n5umllacem38q62kakhliann
[02-May-2025 19:14:00 Europe/Berlin] Đã cấu hình Google Client
[02-May-2025 19:14:00 Europe/Berlin] Nhận được code từ Google
[02-May-2025 19:14:00 Europe/Berlin] Nhận được code từ Google: 4/0Ab_5qlkUuwF3R1Lim2BNOa-ozCVfnwSdCwaOoFTNQWK0tVv6HYIU6pd2B2U7TKsPD06rEg
[02-May-2025 19:14:02 Europe/Berlin] PHP Fatal error:  Uncaught TypeError: count(): Argument #1 ($value) must be of type Countable|array, null given in C:\xampp\htdocs\f8_clone\vendor\guzzlehttp\guzzle\src\Handler\CurlFactory.php:67
Stack trace:
#0 C:\xampp\htdocs\f8_clone\vendor\guzzlehttp\guzzle\src\Handler\CurlFactory.php(67): count(NULL)
#1 C:\xampp\htdocs\f8_clone\vendor\guzzlehttp\guzzle\src\Handler\CurlFactory.php(107): GuzzleHttp\Handler\CurlFactory->release(Object(GuzzleHttp\Handler\EasyHandle))
#2 C:\xampp\htdocs\f8_clone\vendor\guzzlehttp\guzzle\src\Handler\CurlHandler.php(43): GuzzleHttp\Handler\CurlFactory::finish(Object(GuzzleHttp\Handler\CurlHandler), Object(GuzzleHttp\Handler\EasyHandle), Object(GuzzleHttp\Handler\CurlFactory))
#3 C:\xampp\htdocs\f8_clone\vendor\guzzlehttp\guzzle\src\Handler\Proxy.php(28): GuzzleHttp\Handler\CurlHandler->__invoke(Object(GuzzleHttp\Psr7\Request), Array)
#4 C:\xampp\htdocs\f8_clone\vendor\guzzlehttp\guzzle\src\Handler\Proxy.php(51): GuzzleHttp\Handler\Proxy::GuzzleHttp\Handler\{closure}(Object(GuzzleHttp\Psr7\Request), Array)
#5 C:\xampp\htdocs\f8_clone\vendor\guzzlehttp\guzzle\src\PrepareBodyMiddleware.php(72): GuzzleHttp\Handler\Proxy::GuzzleHttp\Handler\{closure}(Object(GuzzleHttp\Psr7\Request), Array)
#6 C:\xampp\htdocs\f8_clone\vendor\guzzlehttp\guzzle\src\Middleware.php(30): GuzzleHttp\PrepareBodyMiddleware->__invoke(Object(GuzzleHttp\Psr7\Request), Array)
#7 C:\xampp\htdocs\f8_clone\vendor\guzzlehttp\guzzle\src\RedirectMiddleware.php(68): GuzzleHttp\Middleware::GuzzleHttp\{closure}(Object(GuzzleHttp\Psr7\Request), Array)
#8 C:\xampp\htdocs\f8_clone\vendor\guzzlehttp\guzzle\src\Middleware.php(57): GuzzleHttp\RedirectMiddleware->__invoke(Object(GuzzleHttp\Psr7\Request), Array)
#9 C:\xampp\htdocs\f8_clone\vendor\guzzlehttp\guzzle\src\HandlerStack.php(67): GuzzleHttp\Middleware::GuzzleHttp\{closure}(Object(GuzzleHttp\Psr7\Request), Array)
#10 C:\xampp\htdocs\f8_clone\vendor\guzzlehttp\guzzle\src\Client.php(268): GuzzleHttp\HandlerStack->__invoke(Object(GuzzleHttp\Psr7\Request), Array)
#11 C:\xampp\htdocs\f8_clone\vendor\guzzlehttp\guzzle\src\Client.php(96): GuzzleHttp\Client->transfer(Object(GuzzleHttp\Psr7\Request), Array)
#12 C:\xampp\htdocs\f8_clone\vendor\guzzlehttp\guzzle\src\Client.php(104): GuzzleHttp\Client->sendAsync(Object(GuzzleHttp\Psr7\Request), Array)
#13 C:\xampp\htdocs\f8_clone\vendor\google\auth\src\HttpHandler\Guzzle6HttpHandler.php(34): GuzzleHttp\Client->send(Object(GuzzleHttp\Psr7\Request), Array)
#14 C:\xampp\htdocs\f8_clone\vendor\google\auth\src\OAuth2.php(492): Google\Auth\HttpHandler\Guzzle6HttpHandler->__invoke(Object(GuzzleHttp\Psr7\Request))
#15 C:\xampp\htdocs\f8_clone\vendor\google\apiclient\src\Google\Client.php(184): Google\Auth\OAuth2->fetchAuthToken(Object(Google\Auth\HttpHandler\Guzzle6HttpHandler))
#16 C:\xampp\htdocs\f8_clone\src\includes\google-callback.php(45): Google_Client->fetchAccessTokenWithAuthCode('4/0Ab_5qlkUuwF3...')
#17 {main}
  thrown in C:\xampp\htdocs\f8_clone\vendor\guzzlehttp\guzzle\src\Handler\CurlFactory.php on line 67
[02-May-2025 19:21:32 Europe/Berlin] Bắt đầu thực thi, Session ID: n0n5umllacem38q62kakhliann
[02-May-2025 19:21:32 Europe/Berlin] Đã cấu hình Google Client
[02-May-2025 19:21:32 Europe/Berlin] Nhận được code từ Google
[02-May-2025 19:21:32 Europe/Berlin] Nhận được code từ Google: 4/0Ab_5qlmXPhH02zIJC2Rl3oDnCG7VKJhP_EypxCUSNEVq_HbFLhrgIqhnwJ1PKxJhSq4VhQ
[02-May-2025 19:21:33 Europe/Berlin] PHP Fatal error:  Uncaught TypeError: count(): Argument #1 ($value) must be of type Countable|array, null given in C:\xampp\htdocs\f8_clone\vendor\guzzlehttp\guzzle\src\Handler\CurlFactory.php:67
Stack trace:
#0 C:\xampp\htdocs\f8_clone\vendor\guzzlehttp\guzzle\src\Handler\CurlFactory.php(67): count(NULL)
#1 C:\xampp\htdocs\f8_clone\vendor\guzzlehttp\guzzle\src\Handler\CurlFactory.php(107): GuzzleHttp\Handler\CurlFactory->release(Object(GuzzleHttp\Handler\EasyHandle))
#2 C:\xampp\htdocs\f8_clone\vendor\guzzlehttp\guzzle\src\Handler\CurlHandler.php(43): GuzzleHttp\Handler\CurlFactory::finish(Object(GuzzleHttp\Handler\CurlHandler), Object(GuzzleHttp\Handler\EasyHandle), Object(GuzzleHttp\Handler\CurlFactory))
#3 C:\xampp\htdocs\f8_clone\vendor\guzzlehttp\guzzle\src\Handler\Proxy.php(28): GuzzleHttp\Handler\CurlHandler->__invoke(Object(GuzzleHttp\Psr7\Request), Array)
#4 C:\xampp\htdocs\f8_clone\vendor\guzzlehttp\guzzle\src\Handler\Proxy.php(51): GuzzleHttp\Handler\Proxy::GuzzleHttp\Handler\{closure}(Object(GuzzleHttp\Psr7\Request), Array)
#5 C:\xampp\htdocs\f8_clone\vendor\guzzlehttp\guzzle\src\PrepareBodyMiddleware.php(72): GuzzleHttp\Handler\Proxy::GuzzleHttp\Handler\{closure}(Object(GuzzleHttp\Psr7\Request), Array)
#6 C:\xampp\htdocs\f8_clone\vendor\guzzlehttp\guzzle\src\Middleware.php(30): GuzzleHttp\PrepareBodyMiddleware->__invoke(Object(GuzzleHttp\Psr7\Request), Array)
#7 C:\xampp\htdocs\f8_clone\vendor\guzzlehttp\guzzle\src\RedirectMiddleware.php(68): GuzzleHttp\Middleware::GuzzleHttp\{closure}(Object(GuzzleHttp\Psr7\Request), Array)
#8 C:\xampp\htdocs\f8_clone\vendor\guzzlehttp\guzzle\src\Middleware.php(57): GuzzleHttp\RedirectMiddleware->__invoke(Object(GuzzleHttp\Psr7\Request), Array)
#9 C:\xampp\htdocs\f8_clone\vendor\guzzlehttp\guzzle\src\HandlerStack.php(67): GuzzleHttp\Middleware::GuzzleHttp\{closure}(Object(GuzzleHttp\Psr7\Request), Array)
#10 C:\xampp\htdocs\f8_clone\vendor\guzzlehttp\guzzle\src\Client.php(268): GuzzleHttp\HandlerStack->__invoke(Object(GuzzleHttp\Psr7\Request), Array)
#11 C:\xampp\htdocs\f8_clone\vendor\guzzlehttp\guzzle\src\Client.php(96): GuzzleHttp\Client->transfer(Object(GuzzleHttp\Psr7\Request), Array)
#12 C:\xampp\htdocs\f8_clone\vendor\guzzlehttp\guzzle\src\Client.php(104): GuzzleHttp\Client->sendAsync(Object(GuzzleHttp\Psr7\Request), Array)
#13 C:\xampp\htdocs\f8_clone\vendor\google\auth\src\HttpHandler\Guzzle6HttpHandler.php(34): GuzzleHttp\Client->send(Object(GuzzleHttp\Psr7\Request), Array)
#14 C:\xampp\htdocs\f8_clone\vendor\google\auth\src\OAuth2.php(492): Google\Auth\HttpHandler\Guzzle6HttpHandler->__invoke(Object(GuzzleHttp\Psr7\Request))
#15 C:\xampp\htdocs\f8_clone\vendor\google\apiclient\src\Google\Client.php(184): Google\Auth\OAuth2->fetchAuthToken(Object(Google\Auth\HttpHandler\Guzzle6HttpHandler))
#16 C:\xampp\htdocs\f8_clone\src\includes\google-callback.php(45): Google_Client->fetchAccessTokenWithAuthCode('4/0Ab_5qlmXPhH0...')
#17 {main}
  thrown in C:\xampp\htdocs\f8_clone\vendor\guzzlehttp\guzzle\src\Handler\CurlFactory.php on line 67
[02-May-2025 19:27:25 Europe/Berlin] Bắt đầu thực thi, Session ID: n0n5umllacem38q62kakhliann
[02-May-2025 19:27:25 Europe/Berlin] Đã cấu hình Google Client
[02-May-2025 19:27:25 Europe/Berlin] Nhận được code từ Google
[02-May-2025 19:27:25 Europe/Berlin] PHP Fatal error:  Uncaught TypeError: count(): Argument #1 ($value) must be of type Countable|array, null given in C:\xampp\htdocs\f8_clone\vendor\guzzlehttp\guzzle\src\Handler\CurlFactory.php:67
Stack trace:
#0 C:\xampp\htdocs\f8_clone\vendor\guzzlehttp\guzzle\src\Handler\CurlFactory.php(67): count(NULL)
#1 C:\xampp\htdocs\f8_clone\vendor\guzzlehttp\guzzle\src\Handler\CurlFactory.php(107): GuzzleHttp\Handler\CurlFactory->release(Object(GuzzleHttp\Handler\EasyHandle))
#2 C:\xampp\htdocs\f8_clone\vendor\guzzlehttp\guzzle\src\Handler\CurlHandler.php(43): GuzzleHttp\Handler\CurlFactory::finish(Object(GuzzleHttp\Handler\CurlHandler), Object(GuzzleHttp\Handler\EasyHandle), Object(GuzzleHttp\Handler\CurlFactory))
#3 C:\xampp\htdocs\f8_clone\vendor\guzzlehttp\guzzle\src\Handler\Proxy.php(28): GuzzleHttp\Handler\CurlHandler->__invoke(Object(GuzzleHttp\Psr7\Request), Array)
#4 C:\xampp\htdocs\f8_clone\vendor\guzzlehttp\guzzle\src\Handler\Proxy.php(51): GuzzleHttp\Handler\Proxy::GuzzleHttp\Handler\{closure}(Object(GuzzleHttp\Psr7\Request), Array)
#5 C:\xampp\htdocs\f8_clone\vendor\guzzlehttp\guzzle\src\PrepareBodyMiddleware.php(72): GuzzleHttp\Handler\Proxy::GuzzleHttp\Handler\{closure}(Object(GuzzleHttp\Psr7\Request), Array)
#6 C:\xampp\htdocs\f8_clone\vendor\guzzlehttp\guzzle\src\Middleware.php(30): GuzzleHttp\PrepareBodyMiddleware->__invoke(Object(GuzzleHttp\Psr7\Request), Array)
#7 C:\xampp\htdocs\f8_clone\vendor\guzzlehttp\guzzle\src\RedirectMiddleware.php(68): GuzzleHttp\Middleware::GuzzleHttp\{closure}(Object(GuzzleHttp\Psr7\Request), Array)
#8 C:\xampp\htdocs\f8_clone\vendor\guzzlehttp\guzzle\src\Middleware.php(57): GuzzleHttp\RedirectMiddleware->__invoke(Object(GuzzleHttp\Psr7\Request), Array)
#9 C:\xampp\htdocs\f8_clone\vendor\guzzlehttp\guzzle\src\HandlerStack.php(67): GuzzleHttp\Middleware::GuzzleHttp\{closure}(Object(GuzzleHttp\Psr7\Request), Array)
#10 C:\xampp\htdocs\f8_clone\vendor\guzzlehttp\guzzle\src\Client.php(268): GuzzleHttp\HandlerStack->__invoke(Object(GuzzleHttp\Psr7\Request), Array)
#11 C:\xampp\htdocs\f8_clone\vendor\guzzlehttp\guzzle\src\Client.php(96): GuzzleHttp\Client->transfer(Object(GuzzleHttp\Psr7\Request), Array)
#12 C:\xampp\htdocs\f8_clone\vendor\guzzlehttp\guzzle\src\Client.php(104): GuzzleHttp\Client->sendAsync(Object(GuzzleHttp\Psr7\Request), Array)
#13 C:\xampp\htdocs\f8_clone\vendor\google\auth\src\HttpHandler\Guzzle6HttpHandler.php(34): GuzzleHttp\Client->send(Object(GuzzleHttp\Psr7\Request), Array)
#14 C:\xampp\htdocs\f8_clone\vendor\google\auth\src\OAuth2.php(492): Google\Auth\HttpHandler\Guzzle6HttpHandler->__invoke(Object(GuzzleHttp\Psr7\Request))
#15 C:\xampp\htdocs\f8_clone\vendor\google\apiclient\src\Google\Client.php(184): Google\Auth\OAuth2->fetchAuthToken(Object(Google\Auth\HttpHandler\Guzzle6HttpHandler))
#16 C:\xampp\htdocs\f8_clone\src\includes\google-callback.php(45): Google_Client->fetchAccessTokenWithAuthCode('4/0Ab_5qlnPbpuJ...')
#17 {main}
  thrown in C:\xampp\htdocs\f8_clone\vendor\guzzlehttp\guzzle\src\Handler\CurlFactory.php on line 67
[02-May-2025 19:34:20 Europe/Berlin] Bắt đầu thực thi, Session ID: n0n5umllacem38q62kakhliann
[02-May-2025 19:34:20 Europe/Berlin] PHP Fatal error:  Uncaught Error: Call to undefined method Google_Client::setHttpHandler() in C:\xampp\htdocs\f8_clone\src\includes\google-callback.php:43
Stack trace:
#0 {main}
  thrown in C:\xampp\htdocs\f8_clone\src\includes\google-callback.php on line 43
[02-May-2025 19:35:32 Europe/Berlin] Bắt đầu thực thi, Session ID: n0n5umllacem38q62kakhliann
[02-May-2025 19:35:32 Europe/Berlin] Đã cấu hình Google Client
[02-May-2025 19:35:32 Europe/Berlin] Nhận được code từ Google
[02-May-2025 19:35:32 Europe/Berlin] PHP Fatal error:  Uncaught TypeError: count(): Argument #1 ($value) must be of type Countable|array, null given in C:\xampp\htdocs\f8_clone\vendor\guzzlehttp\guzzle\src\Handler\CurlFactory.php:67
Stack trace:
#0 C:\xampp\htdocs\f8_clone\vendor\guzzlehttp\guzzle\src\Handler\CurlFactory.php(67): count(NULL)
#1 C:\xampp\htdocs\f8_clone\vendor\guzzlehttp\guzzle\src\Handler\CurlFactory.php(107): GuzzleHttp\Handler\CurlFactory->release(Object(GuzzleHttp\Handler\EasyHandle))
#2 C:\xampp\htdocs\f8_clone\vendor\guzzlehttp\guzzle\src\Handler\CurlHandler.php(43): GuzzleHttp\Handler\CurlFactory::finish(Object(GuzzleHttp\Handler\CurlHandler), Object(GuzzleHttp\Handler\EasyHandle), Object(GuzzleHttp\Handler\CurlFactory))
#3 C:\xampp\htdocs\f8_clone\vendor\guzzlehttp\guzzle\src\Handler\Proxy.php(28): GuzzleHttp\Handler\CurlHandler->__invoke(Object(GuzzleHttp\Psr7\Request), Array)
#4 C:\xampp\htdocs\f8_clone\vendor\guzzlehttp\guzzle\src\Handler\Proxy.php(51): GuzzleHttp\Handler\Proxy::GuzzleHttp\Handler\{closure}(Object(GuzzleHttp\Psr7\Request), Array)
#5 C:\xampp\htdocs\f8_clone\vendor\guzzlehttp\guzzle\src\PrepareBodyMiddleware.php(72): GuzzleHttp\Handler\Proxy::GuzzleHttp\Handler\{closure}(Object(GuzzleHttp\Psr7\Request), Array)
#6 C:\xampp\htdocs\f8_clone\vendor\guzzlehttp\guzzle\src\Middleware.php(30): GuzzleHttp\PrepareBodyMiddleware->__invoke(Object(GuzzleHttp\Psr7\Request), Array)
#7 C:\xampp\htdocs\f8_clone\vendor\guzzlehttp\guzzle\src\RedirectMiddleware.php(68): GuzzleHttp\Middleware::GuzzleHttp\{closure}(Object(GuzzleHttp\Psr7\Request), Array)
#8 C:\xampp\htdocs\f8_clone\vendor\guzzlehttp\guzzle\src\Middleware.php(57): GuzzleHttp\RedirectMiddleware->__invoke(Object(GuzzleHttp\Psr7\Request), Array)
#9 C:\xampp\htdocs\f8_clone\vendor\guzzlehttp\guzzle\src\HandlerStack.php(67): GuzzleHttp\Middleware::GuzzleHttp\{closure}(Object(GuzzleHttp\Psr7\Request), Array)
#10 C:\xampp\htdocs\f8_clone\vendor\guzzlehttp\guzzle\src\Client.php(268): GuzzleHttp\HandlerStack->__invoke(Object(GuzzleHttp\Psr7\Request), Array)
#11 C:\xampp\htdocs\f8_clone\vendor\guzzlehttp\guzzle\src\Client.php(96): GuzzleHttp\Client->transfer(Object(GuzzleHttp\Psr7\Request), Array)
#12 C:\xampp\htdocs\f8_clone\vendor\guzzlehttp\guzzle\src\Client.php(104): GuzzleHttp\Client->sendAsync(Object(GuzzleHttp\Psr7\Request), Array)
#13 C:\xampp\htdocs\f8_clone\vendor\google\auth\src\HttpHandler\Guzzle6HttpHandler.php(34): GuzzleHttp\Client->send(Object(GuzzleHttp\Psr7\Request), Array)
#14 C:\xampp\htdocs\f8_clone\vendor\google\auth\src\OAuth2.php(492): Google\Auth\HttpHandler\Guzzle6HttpHandler->__invoke(Object(GuzzleHttp\Psr7\Request))
#15 C:\xampp\htdocs\f8_clone\vendor\google\apiclient\src\Google\Client.php(184): Google\Auth\OAuth2->fetchAuthToken(Object(Google\Auth\HttpHandler\Guzzle6HttpHandler))
#16 C:\xampp\htdocs\f8_clone\src\includes\google-callback.php(51): Google_Client->fetchAccessTokenWithAuthCode('4/0Ab_5qln_kg7b...')
#17 {main}
  thrown in C:\xampp\htdocs\f8_clone\vendor\guzzlehttp\guzzle\src\Handler\CurlFactory.php on line 67
[02-May-2025 19:40:15 Europe/Berlin] Bắt đầu thực thi, Session ID: n0n5umllacem38q62kakhliann
[02-May-2025 19:40:15 Europe/Berlin] Đã cấu hình Google Client
[02-May-2025 19:40:15 Europe/Berlin] Nhận được code từ Google
[02-May-2025 19:40:16 Europe/Berlin] Đã gọi fetchAccessTokenWithAuthCode
[02-May-2025 19:40:16 Europe/Berlin] Đã đặt access token
[02-May-2025 19:40:17 Europe/Berlin] Thông tin từ Google: {"email":"haidanglu2004@gmail.com","familyName":"L\u1eef","gender":null,"givenName":"H\u1ea3i \u0110\u0103ng","hd":null,"id":"111034339644548743576","link":null,"locale":null,"name":"H\u1ea3i \u0110\u0103ng L\u1eef","picture":"https:\/\/lh3.googleusercontent.com\/a\/ACg8ocLDqb16i9Yq3sOwNkvVvJKLjvVOOhiGCezKFV2WqejCm7MgyG-H=s96-c","verifiedEmail":true}
[02-May-2025 19:40:17 Europe/Berlin] Đã kết nối CSDL
[02-May-2025 19:40:17 Europe/Berlin] Số hàng trả về từ SELECT: 0
[02-May-2025 19:40:17 Europe/Berlin] Thêm người dùng mới: ID=43ec8845-d914-48be-a944-1a055b2eacbc
[02-May-2025 19:40:17 Europe/Berlin] Đã đóng kết nối CSDL
[02-May-2025 19:40:17 Europe/Berlin] Session lưu thành công: ID=43ec8845-d914-48be-a944-1a055b2eacbc, Name=Hải Đăng Lữ
[02-May-2025 19:43:46 Europe/Berlin] Bắt đầu thực thi, Session ID: n0n5umllacem38q62kakhliann
[02-May-2025 19:43:46 Europe/Berlin] Đã cấu hình Google Client
[02-May-2025 19:43:46 Europe/Berlin] Nhận được code từ Google
[02-May-2025 19:43:47 Europe/Berlin] Đã gọi fetchAccessTokenWithAuthCode
[02-May-2025 19:43:47 Europe/Berlin] Đã đặt access token
[02-May-2025 19:43:47 Europe/Berlin] Thông tin từ Google: {"email":"haidanglu2004@gmail.com","familyName":"L\u1eef","gender":null,"givenName":"H\u1ea3i \u0110\u0103ng","hd":null,"id":"111034339644548743576","link":null,"locale":null,"name":"H\u1ea3i \u0110\u0103ng L\u1eef","picture":"https:\/\/lh3.googleusercontent.com\/a\/ACg8ocLDqb16i9Yq3sOwNkvVvJKLjvVOOhiGCezKFV2WqejCm7MgyG-H=s96-c","verifiedEmail":true}
[02-May-2025 19:43:47 Europe/Berlin] Đã kết nối CSDL
[02-May-2025 19:43:47 Europe/Berlin] Số hàng trả về từ SELECT: 0
[02-May-2025 19:43:47 Europe/Berlin] Thêm người dùng mới: ID=2d8c58bb-7edb-4f5b-b1f1-e2c195c8fdd5
[02-May-2025 19:43:47 Europe/Berlin] Đã đóng kết nối CSDL
[02-May-2025 19:43:47 Europe/Berlin] Session lưu thành công: ID=2d8c58bb-7edb-4f5b-b1f1-e2c195c8fdd5, Name=Hải Đăng Lữ
[02-May-2025 19:46:27 Europe/Berlin] Bắt đầu thực thi, Session ID: n0n5umllacem38q62kakhliann
[02-May-2025 19:46:27 Europe/Berlin] Đã cấu hình Google Client
[02-May-2025 19:46:27 Europe/Berlin] Chuyển hướng đến Google Auth URL: https://accounts.google.com/o/oauth2/v2/auth?response_type=code&access_type=online&client_id=1017825944006-qked8cif5qc9j8sfsr2fcadojk57ot5a.apps.googleusercontent.com&redirect_uri=http%3A%2F%2Flocalhost%2Ff8_clone%2Fsrc%2Fincludes%2Fgoogle-callback.php&state&scope=email%20profile&approval_prompt=auto
[02-May-2025 19:46:37 Europe/Berlin] Bắt đầu thực thi, Session ID: n0n5umllacem38q62kakhliann
[02-May-2025 19:46:37 Europe/Berlin] Đã cấu hình Google Client
[02-May-2025 19:46:37 Europe/Berlin] Nhận được code từ Google
[02-May-2025 19:46:38 Europe/Berlin] Đã gọi fetchAccessTokenWithAuthCode
[02-May-2025 19:46:38 Europe/Berlin] Đã đặt access token
[02-May-2025 19:46:38 Europe/Berlin] Thông tin từ Google: {"email":"22004108@st.vlute.edu.vn","familyName":"\u0110\u0103ng","gender":null,"givenName":"L\u1eef H\u1ea3i","hd":"st.vlute.edu.vn","id":"118433867062414487044","link":null,"locale":null,"name":"L\u1eef H\u1ea3i \u0110\u0103ng","picture":"https:\/\/lh3.googleusercontent.com\/a\/ACg8ocLcmPRDSb5IJCR6ysXfq0aIX46DZnr7YRs_jCBtvGWXD9VcMvM=s96-c","verifiedEmail":true}
[02-May-2025 19:46:38 Europe/Berlin] Đã kết nối CSDL
[02-May-2025 19:46:38 Europe/Berlin] Số hàng trả về từ SELECT: 0
[02-May-2025 19:46:38 Europe/Berlin] PHP Fatal error:  Uncaught Error: Call to undefined function generateUUID() in C:\xampp\htdocs\f8_clone\src\includes\google-callback.php:121
Stack trace:
#0 {main}
  thrown in C:\xampp\htdocs\f8_clone\src\includes\google-callback.php on line 121
[02-May-2025 19:48:03 Europe/Berlin] Bắt đầu thực thi, Session ID: n0n5umllacem38q62kakhliann
[02-May-2025 19:48:03 Europe/Berlin] Đã cấu hình Google Client
[02-May-2025 19:48:03 Europe/Berlin] Nhận được code từ Google
[02-May-2025 19:48:04 Europe/Berlin] Đã gọi fetchAccessTokenWithAuthCode
[02-May-2025 19:48:04 Europe/Berlin] Đã đặt access token
[02-May-2025 19:48:04 Europe/Berlin] Thông tin từ Google: {"email":"22004108@st.vlute.edu.vn","familyName":"\u0110\u0103ng","gender":null,"givenName":"L\u1eef H\u1ea3i","hd":"st.vlute.edu.vn","id":"118433867062414487044","link":null,"locale":null,"name":"L\u1eef H\u1ea3i \u0110\u0103ng","picture":"https:\/\/lh3.googleusercontent.com\/a\/ACg8ocLcmPRDSb5IJCR6ysXfq0aIX46DZnr7YRs_jCBtvGWXD9VcMvM=s96-c","verifiedEmail":true}
[02-May-2025 19:48:04 Europe/Berlin] Đã kết nối CSDL
[02-May-2025 19:48:04 Europe/Berlin] Số hàng trả về từ SELECT: 0
[02-May-2025 19:48:04 Europe/Berlin] Thêm người dùng mới: ID=7a9b7ed9-1f92-4d63-a0b9-e01630293016
[02-May-2025 19:48:04 Europe/Berlin] Đã đóng kết nối CSDL
[02-May-2025 19:48:04 Europe/Berlin] Session lưu thành công: ID=7a9b7ed9-1f92-4d63-a0b9-e01630293016, Name=Lữ Hải Đăng
[02-May-2025 19:48:16 Europe/Berlin] Bắt đầu thực thi, Session ID: n0n5umllacem38q62kakhliann
[02-May-2025 19:48:16 Europe/Berlin] Đã cấu hình Google Client
[02-May-2025 19:48:16 Europe/Berlin] Nhận được code từ Google
[02-May-2025 19:48:17 Europe/Berlin] Đã gọi fetchAccessTokenWithAuthCode
[02-May-2025 19:48:17 Europe/Berlin] Đã đặt access token
[02-May-2025 19:48:17 Europe/Berlin] Thông tin từ Google: {"email":"22004108@st.vlute.edu.vn","familyName":"\u0110\u0103ng","gender":null,"givenName":"L\u1eef H\u1ea3i","hd":"st.vlute.edu.vn","id":"118433867062414487044","link":null,"locale":null,"name":"L\u1eef H\u1ea3i \u0110\u0103ng","picture":"https:\/\/lh3.googleusercontent.com\/a\/ACg8ocLcmPRDSb5IJCR6ysXfq0aIX46DZnr7YRs_jCBtvGWXD9VcMvM=s96-c","verifiedEmail":true}
[02-May-2025 19:48:17 Europe/Berlin] Đã kết nối CSDL
[02-May-2025 19:48:17 Europe/Berlin] Số hàng trả về từ SELECT: 1
[02-May-2025 19:48:17 Europe/Berlin] Người dùng đã tồn tại: ID=7a9b7ed9-1f92-4d63-a0b9-e01630293016
[02-May-2025 19:48:17 Europe/Berlin] Đã đóng kết nối CSDL
[02-May-2025 19:48:17 Europe/Berlin] Session lưu thành công: ID=7a9b7ed9-1f92-4d63-a0b9-e01630293016, Name=Lữ Hải Đăng
[02-May-2025 19:59:38 Europe/Berlin] Bắt đầu thực thi, Session ID: n0n5umllacem38q62kakhliann
[02-May-2025 19:59:38 Europe/Berlin] Đã cấu hình Google Client
[02-May-2025 19:59:38 Europe/Berlin] Nhận được code từ Google
[02-May-2025 19:59:39 Europe/Berlin] Đã gọi fetchAccessTokenWithAuthCode
[02-May-2025 19:59:39 Europe/Berlin] Đã đặt access token
[02-May-2025 19:59:39 Europe/Berlin] Thông tin từ Google: {"email":"haidanglu2004@gmail.com","familyName":"L\u1eef","gender":null,"givenName":"H\u1ea3i \u0110\u0103ng","hd":null,"id":"111034339644548743576","link":null,"locale":null,"name":"H\u1ea3i \u0110\u0103ng L\u1eef","picture":"https:\/\/lh3.googleusercontent.com\/a\/ACg8ocLDqb16i9Yq3sOwNkvVvJKLjvVOOhiGCezKFV2WqejCm7MgyG-H=s96-c","verifiedEmail":true}
[02-May-2025 19:59:39 Europe/Berlin] Đã kết nối CSDL
[02-May-2025 19:59:39 Europe/Berlin] Số hàng trả về từ SELECT: 1
[02-May-2025 19:59:39 Europe/Berlin] Người dùng đã tồn tại: ID=2d8c58bb-7edb-4f5b-b1f1-e2c195c8fdd5
[02-May-2025 19:59:39 Europe/Berlin] Đã đóng kết nối CSDL
[02-May-2025 19:59:39 Europe/Berlin] Session lưu thành công: ID=2d8c58bb-7edb-4f5b-b1f1-e2c195c8fdd5, Name=Hải Đăng Lữ
[03-May-2025 18:33:11 Europe/Berlin] Bắt đầu thực thi, Session ID: b35fj546l9jeoj7jrhpv9osbl3
[03-May-2025 18:33:11 Europe/Berlin] Đã cấu hình Google Client
[03-May-2025 18:33:11 Europe/Berlin] Nhận được code từ Google
[03-May-2025 18:33:13 Europe/Berlin] Đã gọi fetchAccessTokenWithAuthCode
[03-May-2025 18:33:13 Europe/Berlin] Đã đặt access token
[03-May-2025 18:33:14 Europe/Berlin] Thông tin từ Google: {"email":"haidanglu2004@gmail.com","familyName":"L\u1eef","gender":null,"givenName":"H\u1ea3i \u0110\u0103ng","hd":null,"id":"111034339644548743576","link":null,"locale":null,"name":"H\u1ea3i \u0110\u0103ng L\u1eef","picture":"https:\/\/lh3.googleusercontent.com\/a\/ACg8ocLDqb16i9Yq3sOwNkvVvJKLjvVOOhiGCezKFV2WqejCm7MgyG-H=s96-c","verifiedEmail":true}
[03-May-2025 18:33:14 Europe/Berlin] Đã kết nối CSDL
[03-May-2025 18:33:14 Europe/Berlin] Số hàng trả về từ SELECT: 1
[03-May-2025 18:33:14 Europe/Berlin] Người dùng đã tồn tại: ID=2d8c58bb-7edb-4f5b-b1f1-e2c195c8fdd5
[03-May-2025 18:33:14 Europe/Berlin] Đã đóng kết nối CSDL
[03-May-2025 18:33:14 Europe/Berlin] Session lưu thành công: ID=2d8c58bb-7edb-4f5b-b1f1-e2c195c8fdd5, Name=Hải Đăng Lữ
[03-May-2025 18:37:14 Europe/Berlin] Bắt đầu thực thi, Session ID: b35fj546l9jeoj7jrhpv9osbl3
[03-May-2025 18:37:14 Europe/Berlin] Đã cấu hình Google Client
[03-May-2025 18:37:14 Europe/Berlin] Nhận được code từ Google
[03-May-2025 18:37:14 Europe/Berlin] Đã gọi fetchAccessTokenWithAuthCode
[03-May-2025 18:37:14 Europe/Berlin] Đã đặt access token
[03-May-2025 18:37:15 Europe/Berlin] Thông tin từ Google: {"email":"22004108@st.vlute.edu.vn","familyName":"\u0110\u0103ng","gender":null,"givenName":"L\u1eef H\u1ea3i","hd":"st.vlute.edu.vn","id":"118433867062414487044","link":null,"locale":null,"name":"L\u1eef H\u1ea3i \u0110\u0103ng","picture":"https:\/\/lh3.googleusercontent.com\/a\/ACg8ocLcmPRDSb5IJCR6ysXfq0aIX46DZnr7YRs_jCBtvGWXD9VcMvM=s96-c","verifiedEmail":true}
[03-May-2025 18:37:15 Europe/Berlin] Đã kết nối CSDL
[03-May-2025 18:37:15 Europe/Berlin] Số hàng trả về từ SELECT: 1
[03-May-2025 18:37:15 Europe/Berlin] Người dùng đã tồn tại: ID=7a9b7ed9-1f92-4d63-a0b9-e01630293016
[03-May-2025 18:37:15 Europe/Berlin] Đã đóng kết nối CSDL
[03-May-2025 18:37:15 Europe/Berlin] Session lưu thành công: ID=7a9b7ed9-1f92-4d63-a0b9-e01630293016, Name=Lữ Hải Đăng
[03-May-2025 18:42:36 Europe/Berlin] Bắt đầu thực thi, Session ID: b35fj546l9jeoj7jrhpv9osbl3
[03-May-2025 18:42:36 Europe/Berlin] Đã cấu hình Google Client
[03-May-2025 18:42:36 Europe/Berlin] Nhận được code từ Google
[03-May-2025 18:42:37 Europe/Berlin] Đã gọi fetchAccessTokenWithAuthCode
[03-May-2025 18:42:37 Europe/Berlin] Đã đặt access token
[03-May-2025 18:42:37 Europe/Berlin] Thông tin từ Google: {"email":"haidanglu2004@gmail.com","familyName":"L\u1eef","gender":null,"givenName":"H\u1ea3i \u0110\u0103ng","hd":null,"id":"111034339644548743576","link":null,"locale":null,"name":"H\u1ea3i \u0110\u0103ng L\u1eef","picture":"https:\/\/lh3.googleusercontent.com\/a\/ACg8ocLDqb16i9Yq3sOwNkvVvJKLjvVOOhiGCezKFV2WqejCm7MgyG-H=s96-c","verifiedEmail":true}
[03-May-2025 18:42:37 Europe/Berlin] Đã kết nối CSDL
[03-May-2025 18:42:37 Europe/Berlin] Số hàng trả về từ SELECT: 1
[03-May-2025 18:42:37 Europe/Berlin] Người dùng đã tồn tại: ID=2d8c58bb-7edb-4f5b-b1f1-e2c195c8fdd5
[03-May-2025 18:42:37 Europe/Berlin] Đã đóng kết nối CSDL
[03-May-2025 18:42:37 Europe/Berlin] Session lưu thành công: ID=2d8c58bb-7edb-4f5b-b1f1-e2c195c8fdd5, Name=Hải Đăng Lữ
[03-May-2025 19:23:06 Europe/Berlin] Bắt đầu thực thi, Session ID: b35fj546l9jeoj7jrhpv9osbl3
[03-May-2025 19:23:06 Europe/Berlin] Đã cấu hình Google Client
[03-May-2025 19:23:06 Europe/Berlin] Nhận được code từ Google
[03-May-2025 19:23:07 Europe/Berlin] Đã gọi fetchAccessTokenWithAuthCode
[03-May-2025 19:23:07 Europe/Berlin] Đã đặt access token
[03-May-2025 19:23:07 Europe/Berlin] Thông tin từ Google: {"email":"haidanglu2004@gmail.com","familyName":"L\u1eef","gender":null,"givenName":"H\u1ea3i \u0110\u0103ng","hd":null,"id":"111034339644548743576","link":null,"locale":null,"name":"H\u1ea3i \u0110\u0103ng L\u1eef","picture":"https:\/\/lh3.googleusercontent.com\/a\/ACg8ocLDqb16i9Yq3sOwNkvVvJKLjvVOOhiGCezKFV2WqejCm7MgyG-H=s96-c","verifiedEmail":true}
[03-May-2025 19:23:07 Europe/Berlin] Đã kết nối CSDL
[03-May-2025 19:23:07 Europe/Berlin] Số hàng trả về từ SELECT: 0
[03-May-2025 19:23:07 Europe/Berlin] Thêm người dùng mới: ID=44022ead-bc19-41a3-9109-eb35c0ee1d49
[03-May-2025 19:23:07 Europe/Berlin] Đã đóng kết nối CSDL
[03-May-2025 19:23:07 Europe/Berlin] Session lưu thành công: ID=44022ead-bc19-41a3-9109-eb35c0ee1d49, Name=Hải Đăng Lữ, Avatar URL=https://lh3.googleusercontent.com/a/ACg8ocLDqb16i9Yq3sOwNkvVvJKLjvVOOhiGCezKFV2WqejCm7MgyG-H=s96-c
[03-May-2025 19:24:23 Europe/Berlin] Bắt đầu thực thi, Session ID: b35fj546l9jeoj7jrhpv9osbl3
[03-May-2025 19:24:23 Europe/Berlin] Đã cấu hình Google Client
[03-May-2025 19:24:23 Europe/Berlin] Nhận được code từ Google
[03-May-2025 19:24:24 Europe/Berlin] Đã gọi fetchAccessTokenWithAuthCode
[03-May-2025 19:24:24 Europe/Berlin] Đã đặt access token
[03-May-2025 19:24:24 Europe/Berlin] Thông tin từ Google: {"email":"22004108@st.vlute.edu.vn","familyName":"\u0110\u0103ng","gender":null,"givenName":"L\u1eef H\u1ea3i","hd":"st.vlute.edu.vn","id":"118433867062414487044","link":null,"locale":null,"name":"L\u1eef H\u1ea3i \u0110\u0103ng","picture":"https:\/\/lh3.googleusercontent.com\/a\/ACg8ocLcmPRDSb5IJCR6ysXfq0aIX46DZnr7YRs_jCBtvGWXD9VcMvM=s96-c","verifiedEmail":true}
[03-May-2025 19:24:24 Europe/Berlin] Đã kết nối CSDL
[03-May-2025 19:24:24 Europe/Berlin] Số hàng trả về từ SELECT: 0
[03-May-2025 19:24:24 Europe/Berlin] Thêm người dùng mới: ID=bbbdcbed-56d0-472c-9a6b-baafeac13b17
[03-May-2025 19:24:24 Europe/Berlin] Đã đóng kết nối CSDL
[03-May-2025 19:24:24 Europe/Berlin] Session lưu thành công: ID=bbbdcbed-56d0-472c-9a6b-baafeac13b17, Name=Lữ Hải Đăng, Avatar URL=https://lh3.googleusercontent.com/a/ACg8ocLcmPRDSb5IJCR6ysXfq0aIX46DZnr7YRs_jCBtvGWXD9VcMvM=s96-c
[03-May-2025 19:24:41 Europe/Berlin] Bắt đầu thực thi, Session ID: b35fj546l9jeoj7jrhpv9osbl3
[03-May-2025 19:24:41 Europe/Berlin] Đã cấu hình Google Client
[03-May-2025 19:24:41 Europe/Berlin] Nhận được code từ Google
[03-May-2025 19:24:41 Europe/Berlin] Đã gọi fetchAccessTokenWithAuthCode
[03-May-2025 19:24:41 Europe/Berlin] Đã đặt access token
[03-May-2025 19:24:42 Europe/Berlin] Thông tin từ Google: {"email":"haidanglu2004@gmail.com","familyName":"L\u1eef","gender":null,"givenName":"H\u1ea3i \u0110\u0103ng","hd":null,"id":"111034339644548743576","link":null,"locale":null,"name":"H\u1ea3i \u0110\u0103ng L\u1eef","picture":"https:\/\/lh3.googleusercontent.com\/a\/ACg8ocLDqb16i9Yq3sOwNkvVvJKLjvVOOhiGCezKFV2WqejCm7MgyG-H=s96-c","verifiedEmail":true}
[03-May-2025 19:24:42 Europe/Berlin] Đã kết nối CSDL
[03-May-2025 19:24:42 Europe/Berlin] Số hàng trả về từ SELECT: 1
[03-May-2025 19:24:42 Europe/Berlin] Người dùng đã tồn tại: ID=44022ead-bc19-41a3-9109-eb35c0ee1d49
[03-May-2025 19:24:42 Europe/Berlin] Đã đóng kết nối CSDL
[03-May-2025 19:24:42 Europe/Berlin] Session lưu thành công: ID=44022ead-bc19-41a3-9109-eb35c0ee1d49, Name=Hải Đăng Lữ, Avatar URL=https://lh3.googleusercontent.com/a/ACg8ocLDqb16i9Yq3sOwNkvVvJKLjvVOOhiGCezKFV2WqejCm7MgyG-H=s96-c
[03-May-2025 19:29:06 Europe/Berlin] Bắt đầu thực thi, Session ID: b35fj546l9jeoj7jrhpv9osbl3
[03-May-2025 19:29:06 Europe/Berlin] Đã cấu hình Google Client
[03-May-2025 19:29:06 Europe/Berlin] Nhận được code từ Google
[03-May-2025 19:29:06 Europe/Berlin] Đã gọi fetchAccessTokenWithAuthCode
[03-May-2025 19:29:06 Europe/Berlin] Đã đặt access token
[03-May-2025 19:29:07 Europe/Berlin] Thông tin từ Google: {"email":"haidanglu2004@gmail.com","familyName":"L\u1eef","gender":null,"givenName":"H\u1ea3i \u0110\u0103ng","hd":null,"id":"111034339644548743576","link":null,"locale":null,"name":"H\u1ea3i \u0110\u0103ng L\u1eef","picture":"https:\/\/lh3.googleusercontent.com\/a\/ACg8ocLDqb16i9Yq3sOwNkvVvJKLjvVOOhiGCezKFV2WqejCm7MgyG-H=s96-c","verifiedEmail":true}
[03-May-2025 19:29:07 Europe/Berlin] Đã kết nối CSDL
[03-May-2025 19:29:07 Europe/Berlin] Số hàng trả về từ SELECT: 1
[03-May-2025 19:29:07 Europe/Berlin] Người dùng đã tồn tại: ID=44022ead-bc19-41a3-9109-eb35c0ee1d49
[03-May-2025 19:29:07 Europe/Berlin] Đã đóng kết nối CSDL
[03-May-2025 19:29:07 Europe/Berlin] Session lưu thành công: ID=44022ead-bc19-41a3-9109-eb35c0ee1d49, Name=Hải Đăng Lữ, Avatar URL=https://lh3.googleusercontent.com/a/ACg8ocLDqb16i9Yq3sOwNkvVvJKLjvVOOhiGCezKFV2WqejCm7MgyG-H=s96-c
[03-May-2025 19:51:39 Europe/Berlin] Bắt đầu thực thi, Session ID: b35fj546l9jeoj7jrhpv9osbl3
[03-May-2025 19:51:39 Europe/Berlin] Đã cấu hình Google Client
[03-May-2025 19:51:39 Europe/Berlin] Nhận được code từ Google
[03-May-2025 19:51:39 Europe/Berlin] Đã gọi fetchAccessTokenWithAuthCode
[03-May-2025 19:51:39 Europe/Berlin] Đã đặt access token
[03-May-2025 19:51:40 Europe/Berlin] Thông tin từ Google: {"email":"22004108@st.vlute.edu.vn","familyName":"\u0110\u0103ng","gender":null,"givenName":"L\u1eef H\u1ea3i","hd":"st.vlute.edu.vn","id":"118433867062414487044","link":null,"locale":null,"name":"L\u1eef H\u1ea3i \u0110\u0103ng","picture":"https:\/\/lh3.googleusercontent.com\/a\/ACg8ocLcmPRDSb5IJCR6ysXfq0aIX46DZnr7YRs_jCBtvGWXD9VcMvM=s96-c","verifiedEmail":true}
[03-May-2025 19:51:40 Europe/Berlin] Đã kết nối CSDL
[03-May-2025 19:51:40 Europe/Berlin] Số hàng trả về từ SELECT: 1
[03-May-2025 19:51:40 Europe/Berlin] Người dùng đã tồn tại: ID=bbbdcbed-56d0-472c-9a6b-baafeac13b17
[03-May-2025 19:51:40 Europe/Berlin] Đã đóng kết nối CSDL
[03-May-2025 19:51:40 Europe/Berlin] Session lưu thành công: ID=bbbdcbed-56d0-472c-9a6b-baafeac13b17, Name=Lữ Hải Đăng, Avatar URL=https://lh3.googleusercontent.com/a/ACg8ocLcmPRDSb5IJCR6ysXfq0aIX46DZnr7YRs_jCBtvGWXD9VcMvM=s96-c
[03-May-2025 19:54:39 Europe/Berlin] Bắt đầu thực thi, Session ID: b35fj546l9jeoj7jrhpv9osbl3
[03-May-2025 19:54:39 Europe/Berlin] Đã cấu hình Google Client
[03-May-2025 19:54:39 Europe/Berlin] Nhận được code từ Google
[03-May-2025 19:54:39 Europe/Berlin] Đã gọi fetchAccessTokenWithAuthCode
[03-May-2025 19:54:39 Europe/Berlin] Đã đặt access token
[03-May-2025 19:54:40 Europe/Berlin] Thông tin từ Google: {"email":"haidanglu2004@gmail.com","familyName":"L\u1eef","gender":null,"givenName":"H\u1ea3i \u0110\u0103ng","hd":null,"id":"111034339644548743576","link":null,"locale":null,"name":"H\u1ea3i \u0110\u0103ng L\u1eef","picture":"https:\/\/lh3.googleusercontent.com\/a\/ACg8ocLDqb16i9Yq3sOwNkvVvJKLjvVOOhiGCezKFV2WqejCm7MgyG-H=s96-c","verifiedEmail":true}
[03-May-2025 19:54:40 Europe/Berlin] Đã kết nối CSDL
[03-May-2025 19:54:40 Europe/Berlin] Số hàng trả về từ SELECT: 1
[03-May-2025 19:54:40 Europe/Berlin] Người dùng đã tồn tại: ID=44022ead-bc19-41a3-9109-eb35c0ee1d49
[03-May-2025 19:54:40 Europe/Berlin] Đã đóng kết nối CSDL
[03-May-2025 19:54:40 Europe/Berlin] Session lưu thành công: ID=44022ead-bc19-41a3-9109-eb35c0ee1d49, Name=Hải Đăng Lữ, Avatar URL=https://lh3.googleusercontent.com/a/ACg8ocLDqb16i9Yq3sOwNkvVvJKLjvVOOhiGCezKFV2WqejCm7MgyG-H=s96-c
[03-May-2025 21:01:51 Europe/Berlin] Bắt đầu thực thi, Session ID: b35fj546l9jeoj7jrhpv9osbl3
[03-May-2025 21:01:51 Europe/Berlin] Đã cấu hình Google Client
[03-May-2025 21:01:51 Europe/Berlin] Nhận được code từ Google
[03-May-2025 21:01:52 Europe/Berlin] Đã gọi fetchAccessTokenWithAuthCode
[03-May-2025 21:01:52 Europe/Berlin] Đã đặt access token
[03-May-2025 21:01:53 Europe/Berlin] Thông tin từ Google: {"email":"haidanglu2004@gmail.com","familyName":"L\u1eef","gender":null,"givenName":"H\u1ea3i \u0110\u0103ng","hd":null,"id":"111034339644548743576","link":null,"locale":null,"name":"H\u1ea3i \u0110\u0103ng L\u1eef","picture":"https:\/\/lh3.googleusercontent.com\/a\/ACg8ocLDqb16i9Yq3sOwNkvVvJKLjvVOOhiGCezKFV2WqejCm7MgyG-H=s96-c","verifiedEmail":true}
[03-May-2025 21:01:53 Europe/Berlin] Đã kết nối CSDL
[03-May-2025 21:01:53 Europe/Berlin] Số hàng trả về từ SELECT: 1
[03-May-2025 21:01:53 Europe/Berlin] Người dùng đã tồn tại: ID=44022ead-bc19-41a3-9109-eb35c0ee1d49
[03-May-2025 21:01:53 Europe/Berlin] Đã đóng kết nối CSDL
[03-May-2025 21:01:53 Europe/Berlin] Session lưu thành công: ID=44022ead-bc19-41a3-9109-eb35c0ee1d49, Name=Hải Đăng Lữ, Avatar URL=https://lh3.googleusercontent.com/a/ACg8ocLDqb16i9Yq3sOwNkvVvJKLjvVOOhiGCezKFV2WqejCm7MgyG-H=s96-c
[03-May-2025 21:42:47 Europe/Berlin] Bắt đầu thực thi, Session ID: 12co9nrs6cmql2ukf1lup5nvbi
[03-May-2025 21:42:47 Europe/Berlin] Đã cấu hình Google Client
[03-May-2025 21:42:47 Europe/Berlin] Nhận được code từ Google
[03-May-2025 21:42:48 Europe/Berlin] Đã gọi fetchAccessTokenWithAuthCode
[03-May-2025 21:42:48 Europe/Berlin] Đã đặt access token
[03-May-2025 21:42:48 Europe/Berlin] Thông tin từ Google: {"email":"haidanglu2004@gmail.com","familyName":"L\u1eef","gender":null,"givenName":"H\u1ea3i \u0110\u0103ng","hd":null,"id":"111034339644548743576","link":null,"locale":null,"name":"H\u1ea3i \u0110\u0103ng L\u1eef","picture":"https:\/\/lh3.googleusercontent.com\/a\/ACg8ocLDqb16i9Yq3sOwNkvVvJKLjvVOOhiGCezKFV2WqejCm7MgyG-H=s96-c","verifiedEmail":true}
[03-May-2025 21:42:48 Europe/Berlin] Đã kết nối CSDL
[03-May-2025 21:42:48 Europe/Berlin] Số hàng trả về từ SELECT: 1
[03-May-2025 21:42:48 Europe/Berlin] Người dùng đã tồn tại: ID=44022ead-bc19-41a3-9109-eb35c0ee1d49
[03-May-2025 21:42:48 Europe/Berlin] Đã đóng kết nối CSDL
[03-May-2025 21:42:48 Europe/Berlin] Session lưu thành công: ID=44022ead-bc19-41a3-9109-eb35c0ee1d49, Name=Hải Đăng Lữ, Avatar URL=https://lh3.googleusercontent.com/a/ACg8ocLDqb16i9Yq3sOwNkvVvJKLjvVOOhiGCezKFV2WqejCm7MgyG-H=s96-c
[04-May-2025 04:48:26 Europe/Berlin] Bắt đầu thực thi, Session ID: de1eeh6t25fhi29sgt244a7ku5
[04-May-2025 04:48:26 Europe/Berlin] Đã cấu hình Google Client
[04-May-2025 04:48:27 Europe/Berlin] Nhận được code từ Google
[04-May-2025 04:48:28 Europe/Berlin] Đã gọi fetchAccessTokenWithAuthCode
[04-May-2025 04:48:28 Europe/Berlin] Đã đặt access token
[04-May-2025 04:48:29 Europe/Berlin] Thông tin từ Google: {"email":"haidanglu2004@gmail.com","familyName":"L\u1eef","gender":null,"givenName":"H\u1ea3i \u0110\u0103ng","hd":null,"id":"111034339644548743576","link":null,"locale":null,"name":"H\u1ea3i \u0110\u0103ng L\u1eef","picture":"https:\/\/lh3.googleusercontent.com\/a\/ACg8ocLDqb16i9Yq3sOwNkvVvJKLjvVOOhiGCezKFV2WqejCm7MgyG-H=s96-c","verifiedEmail":true}
[04-May-2025 04:48:29 Europe/Berlin] Đã kết nối CSDL
[04-May-2025 04:48:29 Europe/Berlin] Số hàng trả về từ SELECT: 1
[04-May-2025 04:48:29 Europe/Berlin] Người dùng đã tồn tại: ID=44022ead-bc19-41a3-9109-eb35c0ee1d49
[04-May-2025 04:48:29 Europe/Berlin] Đã đóng kết nối CSDL
[04-May-2025 04:48:29 Europe/Berlin] Session lưu thành công: ID=44022ead-bc19-41a3-9109-eb35c0ee1d49, Name=Hải Đăng Lữ, Avatar URL=https://lh3.googleusercontent.com/a/ACg8ocLDqb16i9Yq3sOwNkvVvJKLjvVOOhiGCezKFV2WqejCm7MgyG-H=s96-c
[04-May-2025 04:49:00 Europe/Berlin] Bắt đầu thực thi, Session ID: de1eeh6t25fhi29sgt244a7ku5
[04-May-2025 04:49:00 Europe/Berlin] Đã cấu hình Google Client
[04-May-2025 04:49:00 Europe/Berlin] Nhận được code từ Google
[04-May-2025 04:49:00 Europe/Berlin] Đã gọi fetchAccessTokenWithAuthCode
[04-May-2025 04:49:00 Europe/Berlin] Đã đặt access token
[04-May-2025 04:49:07 Europe/Berlin] Thông tin từ Google: {"email":"haidanglu2004@gmail.com","familyName":"L\u1eef","gender":null,"givenName":"H\u1ea3i \u0110\u0103ng","hd":null,"id":"111034339644548743576","link":null,"locale":null,"name":"H\u1ea3i \u0110\u0103ng L\u1eef","picture":"https:\/\/lh3.googleusercontent.com\/a\/ACg8ocLDqb16i9Yq3sOwNkvVvJKLjvVOOhiGCezKFV2WqejCm7MgyG-H=s96-c","verifiedEmail":true}
[04-May-2025 04:49:07 Europe/Berlin] Đã kết nối CSDL
[04-May-2025 04:49:07 Europe/Berlin] Số hàng trả về từ SELECT: 1
[04-May-2025 04:49:07 Europe/Berlin] Người dùng đã tồn tại: ID=44022ead-bc19-41a3-9109-eb35c0ee1d49
[04-May-2025 04:49:07 Europe/Berlin] Đã đóng kết nối CSDL
[04-May-2025 04:49:07 Europe/Berlin] Session lưu thành công: ID=44022ead-bc19-41a3-9109-eb35c0ee1d49, Name=Hải Đăng Lữ, Avatar URL=https://lh3.googleusercontent.com/a/ACg8ocLDqb16i9Yq3sOwNkvVvJKLjvVOOhiGCezKFV2WqejCm7MgyG-H=s96-c
[04-May-2025 05:40:11 Europe/Berlin] Bắt đầu thực thi, Session ID: de1eeh6t25fhi29sgt244a7ku5
[04-May-2025 05:40:11 Europe/Berlin] Đã cấu hình Google Client
[04-May-2025 05:40:12 Europe/Berlin] Nhận được code từ Google
[04-May-2025 05:40:13 Europe/Berlin] Đã gọi fetchAccessTokenWithAuthCode
[04-May-2025 05:40:13 Europe/Berlin] Đã đặt access token
[04-May-2025 05:40:15 Europe/Berlin] Thông tin từ Google: {"email":"22004108@st.vlute.edu.vn","familyName":"\u0110\u0103ng","gender":null,"givenName":"L\u1eef H\u1ea3i","hd":"st.vlute.edu.vn","id":"118433867062414487044","link":null,"locale":null,"name":"L\u1eef H\u1ea3i \u0110\u0103ng","picture":"https:\/\/lh3.googleusercontent.com\/a\/ACg8ocLcmPRDSb5IJCR6ysXfq0aIX46DZnr7YRs_jCBtvGWXD9VcMvM=s96-c","verifiedEmail":true}
[04-May-2025 05:40:15 Europe/Berlin] Đã kết nối CSDL
[04-May-2025 05:40:15 Europe/Berlin] Số hàng trả về từ SELECT: 1
[04-May-2025 05:40:15 Europe/Berlin] Người dùng đã tồn tại: ID=bbbdcbed-56d0-472c-9a6b-baafeac13b17
[04-May-2025 05:40:15 Europe/Berlin] Đã đóng kết nối CSDL
[04-May-2025 05:40:15 Europe/Berlin] Session lưu thành công: ID=bbbdcbed-56d0-472c-9a6b-baafeac13b17, Name=Lữ Hải Đăng, Avatar URL=https://lh3.googleusercontent.com/a/ACg8ocLcmPRDSb5IJCR6ysXfq0aIX46DZnr7YRs_jCBtvGWXD9VcMvM=s96-c
[04-May-2025 10:32:20 Europe/Berlin] Bắt đầu thực thi, Session ID: vmqkv76vdeqslt1r5n27cfncch
[04-May-2025 10:32:20 Europe/Berlin] Đã cấu hình Google Client
[04-May-2025 10:32:21 Europe/Berlin] Nhận được code từ Google
[04-May-2025 10:32:22 Europe/Berlin] Đã gọi fetchAccessTokenWithAuthCode
[04-May-2025 10:32:22 Europe/Berlin] Đã đặt access token
[04-May-2025 10:32:23 Europe/Berlin] Thông tin từ Google: {"email":"22004108@st.vlute.edu.vn","familyName":"\u0110\u0103ng","gender":null,"givenName":"L\u1eef H\u1ea3i","hd":"st.vlute.edu.vn","id":"118433867062414487044","link":null,"locale":null,"name":"L\u1eef H\u1ea3i \u0110\u0103ng","picture":"https:\/\/lh3.googleusercontent.com\/a\/ACg8ocLcmPRDSb5IJCR6ysXfq0aIX46DZnr7YRs_jCBtvGWXD9VcMvM=s96-c","verifiedEmail":true}
[04-May-2025 10:32:23 Europe/Berlin] Đã kết nối CSDL
[04-May-2025 10:32:23 Europe/Berlin] Số hàng trả về từ SELECT: 1
[04-May-2025 10:32:23 Europe/Berlin] Người dùng đã tồn tại: ID=bbbdcbed-56d0-472c-9a6b-baafeac13b17
[04-May-2025 10:32:23 Europe/Berlin] Đã đóng kết nối CSDL
[04-May-2025 10:32:23 Europe/Berlin] Session lưu thành công: ID=bbbdcbed-56d0-472c-9a6b-baafeac13b17, Name=Lữ Hải Đăng, Avatar URL=https://lh3.googleusercontent.com/a/ACg8ocLcmPRDSb5IJCR6ysXfq0aIX46DZnr7YRs_jCBtvGWXD9VcMvM=s96-c
[04-May-2025 10:51:08 Europe/Berlin] Bắt đầu thực thi, Session ID: vmqkv76vdeqslt1r5n27cfncch
[04-May-2025 10:51:08 Europe/Berlin] Đã cấu hình Google Client
[04-May-2025 10:51:08 Europe/Berlin] Nhận được code từ Google
[04-May-2025 10:51:09 Europe/Berlin] Đã gọi fetchAccessTokenWithAuthCode
[04-May-2025 10:51:09 Europe/Berlin] Đã đặt access token
[04-May-2025 10:51:09 Europe/Berlin] Thông tin từ Google: {"email":"22004108@st.vlute.edu.vn","familyName":"\u0110\u0103ng","gender":null,"givenName":"L\u1eef H\u1ea3i","hd":"st.vlute.edu.vn","id":"118433867062414487044","link":null,"locale":null,"name":"L\u1eef H\u1ea3i \u0110\u0103ng","picture":"https:\/\/lh3.googleusercontent.com\/a\/ACg8ocLcmPRDSb5IJCR6ysXfq0aIX46DZnr7YRs_jCBtvGWXD9VcMvM=s96-c","verifiedEmail":true}
[04-May-2025 10:51:09 Europe/Berlin] Đã kết nối CSDL
[04-May-2025 10:51:09 Europe/Berlin] Số hàng trả về từ SELECT: 1
[04-May-2025 10:51:09 Europe/Berlin] Người dùng đã tồn tại: ID=bbbdcbed-56d0-472c-9a6b-baafeac13b17
[04-May-2025 10:51:09 Europe/Berlin] Đã đóng kết nối CSDL
[04-May-2025 10:51:09 Europe/Berlin] Session lưu thành công: ID=bbbdcbed-56d0-472c-9a6b-baafeac13b17, Name=Lữ Hải Đăng, Avatar URL=https://lh3.googleusercontent.com/a/ACg8ocLcmPRDSb5IJCR6ysXfq0aIX46DZnr7YRs_jCBtvGWXD9VcMvM=s96-c
[04-May-2025 13:22:06 Europe/Berlin] Bắt đầu thực thi, Session ID: vmqkv76vdeqslt1r5n27cfncch
[04-May-2025 13:22:06 Europe/Berlin] Đã cấu hình Google Client
[04-May-2025 13:22:07 Europe/Berlin] Nhận được code từ Google
[04-May-2025 13:22:08 Europe/Berlin] Đã gọi fetchAccessTokenWithAuthCode
[04-May-2025 13:22:08 Europe/Berlin] Đã đặt access token
[04-May-2025 13:22:09 Europe/Berlin] Thông tin từ Google: {"email":"22004108@st.vlute.edu.vn","familyName":"\u0110\u0103ng","gender":null,"givenName":"L\u1eef H\u1ea3i","hd":"st.vlute.edu.vn","id":"118433867062414487044","link":null,"locale":null,"name":"L\u1eef H\u1ea3i \u0110\u0103ng","picture":"https:\/\/lh3.googleusercontent.com\/a\/ACg8ocLcmPRDSb5IJCR6ysXfq0aIX46DZnr7YRs_jCBtvGWXD9VcMvM=s96-c","verifiedEmail":true}
[04-May-2025 13:22:09 Europe/Berlin] Đã kết nối CSDL
[04-May-2025 13:22:09 Europe/Berlin] Số hàng trả về từ SELECT: 1
[04-May-2025 13:22:09 Europe/Berlin] Người dùng đã tồn tại: ID=bbbdcbed-56d0-472c-9a6b-baafeac13b17
[04-May-2025 13:22:09 Europe/Berlin] Đã đóng kết nối CSDL
[04-May-2025 13:22:09 Europe/Berlin] Session lưu thành công: ID=bbbdcbed-56d0-472c-9a6b-baafeac13b17, Name=Lữ Hải Đăng, Avatar URL=https://lh3.googleusercontent.com/a/ACg8ocLcmPRDSb5IJCR6ysXfq0aIX46DZnr7YRs_jCBtvGWXD9VcMvM=s96-c
[04-May-2025 13:22:50 Europe/Berlin] Bắt đầu thực thi, Session ID: vmqkv76vdeqslt1r5n27cfncch
[04-May-2025 13:22:50 Europe/Berlin] Đã cấu hình Google Client
[04-May-2025 13:22:50 Europe/Berlin] Nhận được code từ Google
[04-May-2025 13:22:50 Europe/Berlin] Đã gọi fetchAccessTokenWithAuthCode
[04-May-2025 13:22:50 Europe/Berlin] Đã đặt access token
[04-May-2025 13:22:51 Europe/Berlin] Thông tin từ Google: {"email":"22004108@st.vlute.edu.vn","familyName":"\u0110\u0103ng","gender":null,"givenName":"L\u1eef H\u1ea3i","hd":"st.vlute.edu.vn","id":"118433867062414487044","link":null,"locale":null,"name":"L\u1eef H\u1ea3i \u0110\u0103ng","picture":"https:\/\/lh3.googleusercontent.com\/a\/ACg8ocLcmPRDSb5IJCR6ysXfq0aIX46DZnr7YRs_jCBtvGWXD9VcMvM=s96-c","verifiedEmail":true}
[04-May-2025 13:22:51 Europe/Berlin] Đã kết nối CSDL
[04-May-2025 13:22:51 Europe/Berlin] Số hàng trả về từ SELECT: 1
[04-May-2025 13:22:51 Europe/Berlin] Người dùng đã tồn tại: ID=bbbdcbed-56d0-472c-9a6b-baafeac13b17
[04-May-2025 13:22:51 Europe/Berlin] Đã đóng kết nối CSDL
[04-May-2025 13:22:51 Europe/Berlin] Session lưu thành công: ID=bbbdcbed-56d0-472c-9a6b-baafeac13b17, Name=Lữ Hải Đăng, Avatar URL=https://lh3.googleusercontent.com/a/ACg8ocLcmPRDSb5IJCR6ysXfq0aIX46DZnr7YRs_jCBtvGWXD9VcMvM=s96-c
[04-May-2025 13:23:38 Europe/Berlin] Bắt đầu thực thi, Session ID: vmqkv76vdeqslt1r5n27cfncch
[04-May-2025 13:23:39 Europe/Berlin] Đã cấu hình Google Client
[04-May-2025 13:23:39 Europe/Berlin] Nhận được code từ Google
[04-May-2025 13:23:39 Europe/Berlin] Đã gọi fetchAccessTokenWithAuthCode
[04-May-2025 13:23:39 Europe/Berlin] Đã đặt access token
[04-May-2025 13:23:39 Europe/Berlin] Thông tin từ Google: {"email":"22004108@st.vlute.edu.vn","familyName":"\u0110\u0103ng","gender":null,"givenName":"L\u1eef H\u1ea3i","hd":"st.vlute.edu.vn","id":"118433867062414487044","link":null,"locale":null,"name":"L\u1eef H\u1ea3i \u0110\u0103ng","picture":"https:\/\/lh3.googleusercontent.com\/a\/ACg8ocLcmPRDSb5IJCR6ysXfq0aIX46DZnr7YRs_jCBtvGWXD9VcMvM=s96-c","verifiedEmail":true}
[04-May-2025 13:23:39 Europe/Berlin] Đã kết nối CSDL
[04-May-2025 13:23:39 Europe/Berlin] Số hàng trả về từ SELECT: 1
[04-May-2025 13:23:39 Europe/Berlin] Người dùng đã tồn tại: ID=bbbdcbed-56d0-472c-9a6b-baafeac13b17
[04-May-2025 13:23:39 Europe/Berlin] Đã đóng kết nối CSDL
[04-May-2025 13:23:39 Europe/Berlin] Session lưu thành công: ID=bbbdcbed-56d0-472c-9a6b-baafeac13b17, Name=Lữ Hải Đăng, Avatar URL=https://lh3.googleusercontent.com/a/ACg8ocLcmPRDSb5IJCR6ysXfq0aIX46DZnr7YRs_jCBtvGWXD9VcMvM=s96-c
[04-May-2025 13:24:10 Europe/Berlin] Bắt đầu thực thi, Session ID: vmqkv76vdeqslt1r5n27cfncch
[04-May-2025 13:24:10 Europe/Berlin] Đã cấu hình Google Client
[04-May-2025 13:24:10 Europe/Berlin] Nhận được code từ Google
[04-May-2025 13:24:11 Europe/Berlin] Đã gọi fetchAccessTokenWithAuthCode
[04-May-2025 13:24:11 Europe/Berlin] Đã đặt access token
[04-May-2025 13:24:11 Europe/Berlin] Thông tin từ Google: {"email":"22004108@st.vlute.edu.vn","familyName":"\u0110\u0103ng","gender":null,"givenName":"L\u1eef H\u1ea3i","hd":"st.vlute.edu.vn","id":"118433867062414487044","link":null,"locale":null,"name":"L\u1eef H\u1ea3i \u0110\u0103ng","picture":"https:\/\/lh3.googleusercontent.com\/a\/ACg8ocLcmPRDSb5IJCR6ysXfq0aIX46DZnr7YRs_jCBtvGWXD9VcMvM=s96-c","verifiedEmail":true}
[04-May-2025 13:24:11 Europe/Berlin] Đã kết nối CSDL
[04-May-2025 13:24:11 Europe/Berlin] Số hàng trả về từ SELECT: 1
[04-May-2025 13:24:11 Europe/Berlin] Người dùng đã tồn tại: ID=bbbdcbed-56d0-472c-9a6b-baafeac13b17
[04-May-2025 13:24:11 Europe/Berlin] Đã đóng kết nối CSDL
[04-May-2025 13:24:11 Europe/Berlin] Session lưu thành công: ID=bbbdcbed-56d0-472c-9a6b-baafeac13b17, Name=Lữ Hải Đăng, Avatar URL=https://lh3.googleusercontent.com/a/ACg8ocLcmPRDSb5IJCR6ysXfq0aIX46DZnr7YRs_jCBtvGWXD9VcMvM=s96-c
[04-May-2025 13:25:04 Europe/Berlin] Bắt đầu thực thi, Session ID: vmqkv76vdeqslt1r5n27cfncch
[04-May-2025 13:25:04 Europe/Berlin] Đã cấu hình Google Client
[04-May-2025 13:25:04 Europe/Berlin] Nhận được code từ Google
[04-May-2025 13:25:04 Europe/Berlin] Đã gọi fetchAccessTokenWithAuthCode
[04-May-2025 13:25:04 Europe/Berlin] Đã đặt access token
[04-May-2025 13:25:05 Europe/Berlin] Thông tin từ Google: {"email":"22004108@st.vlute.edu.vn","familyName":"\u0110\u0103ng","gender":null,"givenName":"L\u1eef H\u1ea3i","hd":"st.vlute.edu.vn","id":"118433867062414487044","link":null,"locale":null,"name":"L\u1eef H\u1ea3i \u0110\u0103ng","picture":"https:\/\/lh3.googleusercontent.com\/a\/ACg8ocLcmPRDSb5IJCR6ysXfq0aIX46DZnr7YRs_jCBtvGWXD9VcMvM=s96-c","verifiedEmail":true}
[04-May-2025 13:25:05 Europe/Berlin] Đã kết nối CSDL
[04-May-2025 13:25:05 Europe/Berlin] Số hàng trả về từ SELECT: 1
[04-May-2025 13:25:05 Europe/Berlin] Người dùng đã tồn tại: ID=bbbdcbed-56d0-472c-9a6b-baafeac13b17
[04-May-2025 13:25:05 Europe/Berlin] Đã đóng kết nối CSDL
[04-May-2025 13:25:05 Europe/Berlin] Session lưu thành công: ID=bbbdcbed-56d0-472c-9a6b-baafeac13b17, Name=Lữ Hải Đăng, Avatar URL=https://lh3.googleusercontent.com/a/ACg8ocLcmPRDSb5IJCR6ysXfq0aIX46DZnr7YRs_jCBtvGWXD9VcMvM=s96-c
[04-May-2025 14:29:46 Europe/Berlin] Bắt đầu thực thi, Session ID: vmqkv76vdeqslt1r5n27cfncch
[04-May-2025 14:29:46 Europe/Berlin] Đã cấu hình Google Client
[04-May-2025 14:29:46 Europe/Berlin] Nhận được code từ Google
[04-May-2025 14:29:48 Europe/Berlin] Đã gọi fetchAccessTokenWithAuthCode
[04-May-2025 14:29:48 Europe/Berlin] Đã đặt access token
[04-May-2025 14:29:49 Europe/Berlin] Thông tin từ Google: {"email":"22004108@st.vlute.edu.vn","familyName":"\u0110\u0103ng","gender":null,"givenName":"L\u1eef H\u1ea3i","hd":"st.vlute.edu.vn","id":"118433867062414487044","link":null,"locale":null,"name":"L\u1eef H\u1ea3i \u0110\u0103ng","picture":"https:\/\/lh3.googleusercontent.com\/a\/ACg8ocLcmPRDSb5IJCR6ysXfq0aIX46DZnr7YRs_jCBtvGWXD9VcMvM=s96-c","verifiedEmail":true}
[04-May-2025 14:29:49 Europe/Berlin] Đã kết nối CSDL
[04-May-2025 14:29:49 Europe/Berlin] Số hàng trả về từ SELECT: 1
[04-May-2025 14:29:49 Europe/Berlin] Người dùng đã tồn tại: ID=bbbdcbed-56d0-472c-9a6b-baafeac13b17
[04-May-2025 14:29:49 Europe/Berlin] Đã đóng kết nối CSDL
[04-May-2025 14:29:49 Europe/Berlin] Session lưu thành công: ID=bbbdcbed-56d0-472c-9a6b-baafeac13b17, Name=Lữ Hải Đăng, Avatar URL=https://lh3.googleusercontent.com/a/ACg8ocLcmPRDSb5IJCR6ysXfq0aIX46DZnr7YRs_jCBtvGWXD9VcMvM=s96-c
[04-May-2025 16:27:27 Europe/Berlin] Bắt đầu thực thi, Session ID: vmqkv76vdeqslt1r5n27cfncch
[04-May-2025 16:27:27 Europe/Berlin] Đã cấu hình Google Client
[04-May-2025 16:27:29 Europe/Berlin] Nhận được code từ Google
[04-May-2025 16:27:32 Europe/Berlin] Đã gọi fetchAccessTokenWithAuthCode
[04-May-2025 16:27:32 Europe/Berlin] Đã đặt access token
[04-May-2025 16:27:35 Europe/Berlin] Thông tin từ Google: {"email":"22004108@st.vlute.edu.vn","familyName":"\u0110\u0103ng","gender":null,"givenName":"L\u1eef H\u1ea3i","hd":"st.vlute.edu.vn","id":"118433867062414487044","link":null,"locale":null,"name":"L\u1eef H\u1ea3i \u0110\u0103ng","picture":"https:\/\/lh3.googleusercontent.com\/a\/ACg8ocLcmPRDSb5IJCR6ysXfq0aIX46DZnr7YRs_jCBtvGWXD9VcMvM=s96-c","verifiedEmail":true}
[04-May-2025 16:27:35 Europe/Berlin] Đã kết nối CSDL
[04-May-2025 16:27:35 Europe/Berlin] Số hàng trả về từ SELECT: 1
[04-May-2025 16:27:35 Europe/Berlin] Người dùng đã tồn tại: ID=bbbdcbed-56d0-472c-9a6b-baafeac13b17
[04-May-2025 16:27:35 Europe/Berlin] Đã đóng kết nối CSDL
[04-May-2025 16:27:35 Europe/Berlin] Session lưu thành công: ID=bbbdcbed-56d0-472c-9a6b-baafeac13b17, Name=Lữ Hải Đăng, Avatar URL=https://lh3.googleusercontent.com/a/ACg8ocLcmPRDSb5IJCR6ysXfq0aIX46DZnr7YRs_jCBtvGWXD9VcMvM=s96-c
[04-May-2025 16:29:22 Europe/Berlin] Bắt đầu thực thi, Session ID: vmqkv76vdeqslt1r5n27cfncch
[04-May-2025 16:29:22 Europe/Berlin] Đã cấu hình Google Client
[04-May-2025 16:29:22 Europe/Berlin] Nhận được code từ Google
[04-May-2025 16:29:23 Europe/Berlin] Đã gọi fetchAccessTokenWithAuthCode
[04-May-2025 16:29:23 Europe/Berlin] Đã đặt access token
[04-May-2025 16:29:23 Europe/Berlin] Thông tin từ Google: {"email":"22004108@st.vlute.edu.vn","familyName":"\u0110\u0103ng","gender":null,"givenName":"L\u1eef H\u1ea3i","hd":"st.vlute.edu.vn","id":"118433867062414487044","link":null,"locale":null,"name":"L\u1eef H\u1ea3i \u0110\u0103ng","picture":"https:\/\/lh3.googleusercontent.com\/a\/ACg8ocLcmPRDSb5IJCR6ysXfq0aIX46DZnr7YRs_jCBtvGWXD9VcMvM=s96-c","verifiedEmail":true}
[04-May-2025 16:29:23 Europe/Berlin] Đã kết nối CSDL
[04-May-2025 16:29:23 Europe/Berlin] Số hàng trả về từ SELECT: 0
[04-May-2025 16:29:23 Europe/Berlin] Thêm người dùng mới: ID=adaee73e-4d9e-4dce-9a5c-2940d005e7b2
[04-May-2025 16:29:23 Europe/Berlin] Đã đóng kết nối CSDL
[04-May-2025 16:29:23 Europe/Berlin] Session lưu thành công: ID=adaee73e-4d9e-4dce-9a5c-2940d005e7b2, Name=Lữ Hải Đăng, Avatar URL=https://lh3.googleusercontent.com/a/ACg8ocLcmPRDSb5IJCR6ysXfq0aIX46DZnr7YRs_jCBtvGWXD9VcMvM=s96-c
[04-May-2025 16:42:21 Europe/Berlin] Bắt đầu thực thi, Session ID: vmqkv76vdeqslt1r5n27cfncch
[04-May-2025 16:42:21 Europe/Berlin] Đã cấu hình Google Client
[04-May-2025 16:42:22 Europe/Berlin] Nhận được code từ Google
[04-May-2025 16:42:23 Europe/Berlin] Đã gọi fetchAccessTokenWithAuthCode
[04-May-2025 16:42:23 Europe/Berlin] Đã đặt access token
[04-May-2025 16:42:24 Europe/Berlin] Thông tin từ Google: {"email":"22004108@st.vlute.edu.vn","familyName":"\u0110\u0103ng","gender":null,"givenName":"L\u1eef H\u1ea3i","hd":"st.vlute.edu.vn","id":"118433867062414487044","link":null,"locale":null,"name":"L\u1eef H\u1ea3i \u0110\u0103ng","picture":"https:\/\/lh3.googleusercontent.com\/a\/ACg8ocLcmPRDSb5IJCR6ysXfq0aIX46DZnr7YRs_jCBtvGWXD9VcMvM=s96-c","verifiedEmail":true}
[04-May-2025 16:42:24 Europe/Berlin] Đã kết nối CSDL
[04-May-2025 16:42:24 Europe/Berlin] Số hàng trả về từ SELECT: 1
[04-May-2025 16:42:24 Europe/Berlin] Người dùng đã tồn tại: ID=adaee73e-4d9e-4dce-9a5c-2940d005e7b2
[04-May-2025 16:42:24 Europe/Berlin] Đã đóng kết nối CSDL
[04-May-2025 16:42:24 Europe/Berlin] Session lưu thành công: ID=adaee73e-4d9e-4dce-9a5c-2940d005e7b2, Name=Lữ Hải Đăng, Avatar URL=https://lh3.googleusercontent.com/a/ACg8ocLcmPRDSb5IJCR6ysXfq0aIX46DZnr7YRs_jCBtvGWXD9VcMvM=s96-c
